🔍 Loading Bixby logs (client side, PRODUCTION ONLY)...
   Found 2220 Bixby chunk files
   Filtering for env=prod only
   Processing Bixby file 100/2220...
   Processing Bixby file 200/2220...
   Processing Bixby file 300/2220...
   Processing Bixby file 400/2220...
   Processing Bixby file 500/2220...
   Processing Bixby file 600/2220...
   Processing Bixby file 700/2220...
   Processing Bixby file 800/2220...
   Processing Bixby file 900/2220...
   Processing Bixby file 1000/2220...
   Processing Bixby file 1100/2220...
   Processing Bixby file 1200/2220...
   Processing Bixby file 1300/2220...
   Processing Bixby file 1400/2220...
   Processing Bixby file 1500/2220...
   Processing Bixby file 1600/2220...
   Processing Bixby file 1700/2220...
   Processing Bixby file 1800/2220...
   Processing Bixby file 1900/2220...
   Processing Bixby file 2000/2220...
   Processing Bixby file 2100/2220...
   Processing Bixby file 2200/2220...
✅ Loaded 12,038,052 Bixby entries with latencyId

🔍 Loading Master logs (server side, PRODUCTION ONLY)...
   Found 2225 Master chunk files
   Filtering for _collector=*-prod-* only
   Processing Master file 100/2225...
   Processing Master file 200/2225...
   Processing Master file 300/2225...
   Processing Master file 400/2225...
   Processing Master file 500/2225...
   Processing Master file 600/2225...
   Processing Master file 700/2225...
   Processing Master file 800/2225...
   Processing Master file 900/2225...
   Processing Master file 1000/2225...
   Processing Master file 1100/2225...
   Processing Master file 1200/2225...
   Processing Master file 1300/2225...
   Processing Master file 1400/2225...
   Processing Master file 1500/2225...
   Processing Master file 1600/2225...
   Processing Master file 1700/2225...
   Processing Master file 1800/2225...
   Processing Master file 1900/2225...
   Processing Master file 2000/2225...
   Processing Master file 2100/2225...
   Processing Master file 2200/2225...
✅ Loaded 6,122,760 Master entries with latencyId

🔗 Correlating Bixby and Master logs by latencyId...
✅ Matched 5,920,868 entries (valid positive latencies)
⚠️  Filtered negative latencies: 42,363 (clock skew)
⚠️  Unmatched Bixby entries: 6,074,821
⚠️  Unmatched Master entries: 201,892

================================================================================
ONE-WAY LATENCY ANALYSIS (BIXBY → MASTER) - PRODUCTION ONLY
================================================================================
Time Period: 2025-09-08T17:56:02+00:00 to 2025-10-24T23:05:39+00:00
Matched Entries: 5,920,868 (valid positive latencies)
Filtered Negative Latencies: 42,363 (clock skew)
Measurement: Bixby send time → Master receive time
Filters: Bixby env=prod, Master _collector=*-prod-*
================================================================================

OVERALL STATISTICS
--------------------------------------------------------------------------------
Count:       5,920,868
Min:             0.000 ms
Median:         31.000 ms
Max:         45108.000 ms
P99:           144.000 ms
P99.9:         150.000 ms
P99.99:        351.000 ms

HOURLY STATISTICS
--------------------------------------------------------------------------------
Hour                    Count      Min   Median      Max      P99    P99.9   P99.99
--------------------------------------------------------------------------------
2025-09-08 17:00          340     0.00    30.00   174.00   144.00   163.83   172.98
2025-09-08 18:00        5,969     0.00    31.00   146.00   145.00   146.00   146.00
2025-09-08 19:00        6,018     0.00    31.00   147.00   145.00   146.00   147.00
2025-09-08 20:00        5,802     0.00    31.00   146.00   145.00   146.00   146.00
2025-09-08 21:00        5,714     0.00    31.00   147.00   146.00   147.00   147.00
2025-09-08 22:00        5,732     0.00    31.00   198.00   147.00   149.00   193.99
2025-09-08 23:00        5,689     0.00    31.00   157.00   148.00   148.31   154.16
2025-09-09 00:00        5,658     0.00    31.00   166.00   146.00   149.69   164.87
2025-09-09 01:00        5,660     0.00    31.00   148.00   147.00   148.00   148.00
2025-09-09 02:00        5,710     0.00    31.00   298.00   147.00   148.00   218.65
2025-09-09 03:00        5,611     0.00    31.00   191.00   145.00   149.00   179.78
2025-09-09 04:00        5,510     0.00    31.00  7129.00   146.00   147.49  3301.90
2025-09-09 05:00        5,452     0.00    31.00   164.00   144.00   145.00   157.46
2025-09-09 06:00        5,435     0.00    31.00   146.00   144.00   145.00   146.00
2025-09-09 07:00        5,406     0.00    31.00   219.00   144.00   145.00   183.33
2025-09-09 08:00        6,001     0.00    30.00   145.00   144.00   145.00   145.00
2025-09-09 09:00        6,090     0.00    30.00   162.00   145.00   147.00   160.17
2025-09-09 10:00        6,137     0.00    30.00   150.00   147.00   148.00   148.77
2025-09-09 11:00        6,219     0.00    30.00   150.00   144.00   145.00   146.89
2025-09-09 12:00        6,197     0.00    30.00  6314.00   144.00   146.00  2495.41
2025-09-09 13:00        6,207     0.00    30.00   148.00   146.00   147.00   148.00
2025-09-09 14:00        5,925     0.00    30.00   161.00   147.00   148.00   154.48
2025-09-09 15:00        5,904     0.00    29.00   148.00   147.00   148.00   148.00
2025-09-09 16:00        5,960     0.00    31.00   205.00   147.00   148.00   199.04
2025-09-09 17:00        5,947     0.00    31.00   147.00   146.00   146.00   147.00
2025-09-09 18:00        5,931     0.00    30.00   257.00   145.00   148.77   252.26
2025-09-09 19:00        6,044     0.00    29.00   270.00   146.00   240.57   267.58
2025-09-09 20:00        5,688     0.00    31.00   270.00   146.00   238.20   267.16
2025-09-09 21:00        5,591     0.00    32.00   259.00   148.00   210.51   251.73
2025-09-09 22:00        5,640     0.00    31.00   214.00   148.00   149.00   178.47
2025-09-09 23:00        5,806     0.00    30.00   236.00   148.00   149.00   231.36
2025-09-10 00:00        5,737     0.00    31.00   151.00   148.00   149.00   149.85
2025-09-10 01:00        5,698     0.00    31.00   149.00   148.00   148.00   149.00
2025-09-10 02:00        5,584     0.00    31.00   156.00   148.00   149.00   153.21
2025-09-10 03:00        5,598     0.00    31.00   278.00   148.00   230.03   277.44
2025-09-10 04:00        5,528     0.00    31.00   233.00   147.00   149.00   221.39
2025-09-10 05:00        5,546     0.00    32.00   178.00   145.00   148.00   169.13
2025-09-10 06:00        5,430     0.00    32.00   180.00   144.00   145.00   162.63
2025-09-10 07:00        5,455     0.00    32.00   183.00   145.00   146.00   178.09
2025-09-10 08:00        6,020     0.00    31.00   160.00   145.00   146.00   151.57
2025-09-10 09:00        6,089     0.00    31.00  1177.00   147.00   280.21   649.78
2025-09-10 10:00        6,094     0.00    31.00   202.00   145.00   146.00   189.21
2025-09-10 11:00        6,188     0.00    30.00   146.00   145.00   146.00   146.00
2025-09-10 12:00        6,125     0.00    31.00   149.00   148.00   149.00   149.00
2025-09-10 13:00        6,202     0.00    31.00   150.00   148.00   149.00   149.38
2025-09-10 14:00        6,064     0.00    30.00   192.00   149.00   149.00   184.72
2025-09-10 15:00        6,085     0.00    30.00   247.00   148.00   157.24   244.57
2025-09-10 16:00        5,940     0.00    31.00   215.00   146.00   164.18   192.43
2025-09-10 17:00        5,954     0.00    31.00   394.00   145.47   228.42   307.68
2025-09-10 18:00        5,976     0.00    31.00   264.00   146.00   232.18   261.01
2025-09-10 19:00        6,014     0.00    31.00   288.00   146.00   234.10   288.00
2025-09-10 20:00        5,670     0.00    31.00   355.00   145.00   243.33   311.35
2025-09-10 21:00        5,663     0.00    31.00   251.00   145.00   217.38   247.04
2025-09-10 22:00        5,690     0.00    31.00   224.00   144.00   148.00   192.14
2025-09-10 23:00        5,660     0.00    31.00   148.00   146.00   147.00   148.00
2025-09-11 00:00        5,646     0.00    31.00   160.00   148.00   149.00   159.44
2025-09-11 01:00        5,646     0.00    31.00   185.00   144.00   147.35   180.48
2025-09-11 02:00        5,678     0.00    31.00   207.00   146.00   149.91   196.78
2025-09-11 03:00        5,660     0.00    31.00   154.00   147.00   149.00   151.74
2025-09-11 04:00        5,611     0.00    31.00   212.00   147.00   148.00   194.05
2025-09-11 05:00        5,580     0.00    31.00   203.00   144.00   148.42   188.50
2025-09-11 06:00        5,493     0.00    31.00   195.00   149.00   159.02   192.25
2025-09-11 07:00        5,415     0.00    31.00   158.00   147.00   150.00   156.38
2025-09-11 08:00        6,026     0.00    30.00   263.00   147.00   210.82   245.53
2025-09-11 09:00        6,125     0.00    30.00   192.00   145.00   146.00   178.53
2025-09-11 10:00        6,135     0.00    31.00   177.00   145.00   146.00   169.64
2025-09-11 11:00        6,187     0.00    31.00   147.00   145.00   146.00   146.38
2025-09-11 12:00        6,168     0.00    31.00   170.00   146.00   148.83   168.15
2025-09-11 13:00        6,245     0.00    30.00   192.00   146.00   148.00   191.38
2025-09-11 14:00        5,895     0.00    30.00   157.00   145.00   146.00   154.64
2025-09-11 15:00        5,987     0.00    31.00   174.00   145.00   148.00   168.61
2025-09-11 16:00        5,919     0.00    31.00   210.00   145.00   154.49   204.67
2025-09-11 17:00        6,031     0.00    31.00   211.00   146.00   147.00   198.94
2025-09-11 18:00        5,923     0.00    29.00   232.00   146.00   174.16   224.89
2025-09-11 19:00        6,015     0.00    29.00   170.00   146.00   147.00   166.99
2025-09-11 20:00        5,668     0.00    30.00   148.00   147.00   147.00   148.00
2025-09-11 21:00        5,701     0.00    30.00   227.00   147.00   148.60   223.01
2025-09-11 22:00        5,666     0.00    30.00   156.00   146.00   147.00   151.47
2025-09-11 23:00        5,708     0.00    30.00   236.00   147.00   147.00   185.21
2025-09-12 00:00        5,707     0.00    31.00   153.00   146.00   147.00   152.43
2025-09-12 01:00        5,685     0.00    31.00   235.00   145.00   146.00   184.41
2025-09-12 02:00        5,654     0.00    32.00   173.00   145.00   146.00   162.82
2025-09-12 03:00        5,592     0.00    32.00   184.00   145.00   153.50   181.21
2025-09-12 04:00        5,509     0.00    32.00   192.00   148.00   151.48   191.45
2025-09-12 05:00        5,539     0.00    31.00   171.00   148.00   149.00   164.35
2025-09-12 06:00        5,485     0.00    32.00   149.00   148.00   148.00   149.00
2025-09-12 07:00        5,443     0.00    32.00   152.00   148.00   148.00   150.91
2025-09-12 08:00        6,061     0.00    31.00   217.00   145.40   175.00   191.55
2025-09-12 09:00        6,120     0.00    31.00   176.00   175.00   175.00   175.39
2025-09-12 10:00        6,155     0.00    31.00   228.00   145.00   147.00   178.77
2025-09-12 11:00        6,218     0.00    31.00   210.00   140.00   142.78   209.38
2025-09-12 12:00        6,202     0.00    31.00   198.00   173.00   183.00   195.52
2025-09-12 13:00        6,175     0.00    31.00   201.00   176.00   200.83   201.00
2025-09-12 14:00        5,895     0.00    31.00   157.00   148.00   156.00   157.00
2025-09-12 15:00        5,940     0.00    31.00   250.00   148.00   156.00   222.09
2025-09-12 16:00        5,911     0.00    31.00   239.00   148.00   169.00   233.68
2025-09-12 17:00        5,958     0.00    31.00   222.00   146.00   149.52   222.00
2025-09-12 18:00        5,926     0.00    31.00   227.00   147.00   148.07   197.97
2025-09-12 19:00        6,031     0.00    31.00   216.00   147.00   148.00   187.66
2025-09-12 20:00        5,657     0.00    31.00   453.00   148.00   164.69   338.18
2025-09-12 21:00        5,648     0.00    32.00   185.00   148.00   150.35   183.31
2025-09-12 22:00        5,597     0.00    32.00   264.00   145.00   223.83   261.76
2025-09-12 23:00        5,713     0.00    32.00   189.00   144.00   164.00   187.29
2025-09-13 00:00        5,664     0.00    32.00   172.00   144.00   149.36   164.07
2025-09-13 01:00        5,658     0.00    32.00   173.00   144.00   146.34   171.30
2025-09-13 02:00        5,736     0.00    31.00   241.00   144.00   163.53   228.96
2025-09-13 03:00        5,660     0.00    32.00   176.00   147.00   156.41   174.30
2025-09-13 04:00        5,610     0.00    32.00   159.00   145.00   147.00   156.20
2025-09-13 05:00        5,583     0.00    32.00   174.00   143.00   146.00   170.09
2025-09-13 06:00        5,506     0.00    32.00   221.00   146.00   157.97   218.25
2025-09-13 07:00        5,470     0.00    32.00   187.00   146.00   147.00   187.00
2025-09-13 08:00        6,084     0.00    32.00   170.00   146.00   148.00   156.62
2025-09-13 09:00        6,154     0.00    32.00   256.00   146.00   150.39   255.38
2025-09-13 10:00        6,168     0.00    32.00   248.00   146.00   164.33   235.67
2025-09-13 11:00        6,198     0.00    32.00   276.00   147.00   156.83   218.99
2025-09-13 12:00        6,216     0.00    32.00   216.00   147.00   157.42   214.76
2025-09-13 13:00        6,235     0.00    32.00   244.00   145.00   185.53   234.65
2025-09-13 14:00        6,026     0.00    32.00   289.00   145.00   152.90   255.26
2025-09-13 15:00        6,001     0.00    31.00   232.00   146.00   168.00   228.40
2025-09-13 16:00        5,960     0.00    32.00   260.00   145.00   146.00   222.46
2025-09-13 17:00        6,179     0.00    32.00   251.00   145.00   238.29   250.38
2025-09-13 18:00        6,028     0.00    32.00   188.00   145.00   146.00   165.10
2025-09-13 19:00        5,994     0.00    32.00   206.00   146.00   147.06   185.03
2025-09-13 20:00        5,601     0.00    32.00   256.00   147.00   203.60   236.96
2025-09-13 21:00        5,661     0.00    32.00   281.00   146.40   201.02   251.00
2025-09-13 22:00        5,720     0.00    31.00   226.00   146.00   176.00   205.98
2025-09-13 23:00        5,770     0.00    32.00   208.00   145.00   148.54   194.73
2025-09-14 00:00        5,731     0.00    32.00   274.00   147.00   233.94   268.27
2025-09-14 01:00        5,663     0.00    32.00   306.00   145.38   150.01   245.98
2025-09-14 02:00        5,754     0.00    32.00   207.00   145.00   154.74   186.29
2025-09-14 03:00        5,687     0.00    32.00   293.00   147.00   192.31   289.59
2025-09-14 04:00        5,638     0.00    32.00   319.00   147.00   171.54   281.80
2025-09-14 05:00        5,614     0.00    32.00   197.00   145.00   147.77   185.21
2025-09-14 06:00        5,512     0.00    32.00   298.00   146.00   155.80   236.83
2025-09-14 07:00        5,565     0.00    32.00   185.00   146.00   153.67   185.00
2025-09-14 08:00        6,116     0.00    31.00   293.00   146.00   147.00   289.33
2025-09-14 09:00        6,203     0.00    31.00  2199.00   146.00   160.18   979.69
2025-09-14 10:00        6,191     0.00    31.00   231.00   145.00   146.00   188.91
2025-09-14 11:00        6,252     0.00    31.00   216.00   144.00   198.00   212.87
2025-09-14 12:00        6,189     0.00    31.00   287.00   145.00   196.79   267.82
2025-09-14 13:00        6,257     0.00    31.00   285.00   145.00   148.98   225.57
2025-09-14 14:00        5,947     0.00    31.00   196.00   144.00   182.05   195.41
2025-09-14 15:00        6,012     0.00    31.00   251.00   145.00   169.92   223.35
2025-09-14 16:00        6,011     0.00    31.00   262.00   146.00   146.00   261.40
2025-09-14 17:00        6,025     0.00    31.00   211.00   146.00   184.95   208.59
2025-09-14 18:00        6,085     0.00    31.00   216.00   146.00   147.00   206.27
2025-09-14 19:00        6,012     0.00    31.00   300.00   146.00   254.00   299.40
2025-09-14 20:00        5,653     0.00    32.00   309.00   146.00   258.74   303.35
2025-09-14 21:00        5,681     0.00    32.00   282.00   146.00   229.60   272.91
2025-09-14 22:00        5,696     0.00    31.00   256.00   146.00   175.62   252.01
2025-09-14 23:00        5,632     0.00    32.00   294.00   146.00   252.37   283.86
2025-09-15 00:00        5,696     0.00    31.00   323.00   146.00   194.00   304.21
2025-09-15 01:00        5,749     0.00    31.00   328.00   146.00   147.00   322.25
2025-09-15 02:00        5,690     0.00    31.00   232.00   146.00   147.00   225.74
2025-09-15 03:00        5,809     0.00    31.00   259.00   146.00   210.38   253.77
2025-09-15 04:00        5,637     0.00    32.00   290.00   148.00   150.73   248.29
2025-09-15 05:00        5,514     0.00    32.00   298.00   148.00   230.95   297.45
2025-09-15 06:00        5,446     0.00    32.00   156.00   145.00   147.00   151.64
2025-09-15 07:00        5,469     0.00    32.00   320.00   146.00   201.13   284.46
2025-09-15 08:00        6,103     0.00    31.00   244.00   146.00   214.90   236.68
2025-09-15 09:00        6,092     0.00    31.00   240.00   142.00   213.73   239.39
2025-09-15 10:00        6,111     0.00    31.00   250.00   145.00   240.00   246.94
2025-09-15 11:00        6,233     0.00    31.00   244.00   145.00   234.54   244.00
2025-09-15 12:00        6,163     0.00    31.00   339.00   145.00   175.51   271.22
2025-09-15 13:00        6,186     0.00    31.00   247.00   145.00   222.00   245.76
2025-09-15 14:00        5,903     0.00    31.00   507.00   146.00   224.00   351.19
2025-09-15 15:00        5,879     0.00    31.00   164.00   146.00   146.00   154.01
2025-09-15 16:00        5,829     0.00    30.00   305.00   146.00   173.06   263.04
2025-09-15 17:00        5,972     0.00    31.00   269.00   146.00   221.35   267.81
2025-09-15 18:00        5,932     0.00    32.00   288.00   146.00   187.14   287.41
2025-09-15 19:00        6,040     0.00    31.00   338.00   145.00   239.69   334.38
2025-09-15 20:00        5,690     0.00    31.00   379.00   145.00   228.62   300.49
2025-09-15 21:00        5,761     0.00    31.00   254.00   145.00   161.24   252.85
2025-09-15 22:00        5,688     0.00    31.00   282.00   145.00   236.95   269.49
2025-09-15 23:00        5,765     0.00    31.00   146.00   145.00   146.00   146.00
2025-09-16 00:00        5,713     0.00    31.00   373.00   145.00   223.88   307.31
2025-09-16 01:00        5,603     0.00    31.00   250.00   146.00   184.79   249.44
2025-09-16 02:00        5,660     0.00    31.00   247.00   146.00   147.00   227.19
2025-09-16 03:00        5,620     0.00    32.00   351.00   146.00   230.38   304.92
2025-09-16 04:00        5,638     0.00    30.00   301.00   147.00   254.81   299.31
2025-09-16 05:00        5,460     0.00    32.00   317.00   146.00   226.44   315.36
2025-09-16 06:00        5,430     0.00    32.00   346.00   144.00   146.00   254.25
2025-09-16 07:00        5,462     0.00    32.50   164.00   144.00   145.00   155.26
2025-09-16 08:00        6,059     0.00    32.00   247.00   144.00   188.07   244.58
2025-09-16 09:00        6,141     0.00    32.00   318.00   148.00   228.86   315.54
2025-09-16 10:00        6,121     0.00    32.00   162.00   146.00   147.00   152.82
2025-09-16 11:00        6,161     0.00    31.00   354.00   146.00   148.00   345.99
2025-09-16 12:00        6,225     0.00    31.00   287.00   145.00   145.00   199.24
2025-09-16 13:00        6,189     0.00    32.00   358.00   146.00   244.86   352.43
2025-09-16 14:00        5,860     0.00    32.00   320.00   147.00   269.99   319.41
2025-09-16 15:00        5,891     0.00    32.00   301.00   147.00   257.31   295.70
2025-09-16 16:00        5,991     0.00    32.00   271.00   145.00   230.04   259.02
2025-09-16 17:00        5,929     0.00    31.00   395.00   146.00   148.00   382.55
2025-09-16 18:00        5,927     0.00    32.00   251.00   146.00   211.07   249.81
2025-09-16 19:00        6,101     0.00    31.00   181.00   145.00   148.00   167.58
2025-09-16 20:00        5,675     0.00    32.00   295.00   145.00   182.52   292.73
2025-09-16 21:00        5,686     0.00    32.00   270.00   145.00   146.00   251.81
2025-09-16 22:00        5,619     0.00    32.00   339.00   146.00   248.00   336.75
2025-09-16 23:00        5,697     0.00    31.00   310.00   145.00   269.22   294.05
2025-09-17 00:00        5,616     0.00    32.00   355.00   146.00   149.00   243.26
2025-09-17 01:00        5,656     0.00    32.00   332.00   146.00   263.69   329.17
2025-09-17 02:00        5,661     0.00    32.00   371.00   147.00   246.50   317.23
2025-09-17 03:00        2,790     0.00    32.00   384.00   147.00   255.42   380.93
2025-09-17 04:00        2,744     0.00    32.00   259.00   146.00   250.51   258.45
2025-09-17 05:00        2,788     0.00    32.00   199.00   147.00   167.43   191.20
2025-09-17 06:00        2,720     0.00    32.00   302.00   148.00   284.53   301.18
2025-09-17 07:00        2,692     0.00    32.00   355.00   146.00   263.62   334.82
2025-09-17 08:00        2,973     0.00    31.00   287.00   143.28   145.00   286.11
2025-09-17 09:00        3,044     0.00    31.00   316.00   146.00   270.81   312.96
2025-09-17 10:00        3,114     0.00    29.00   157.00   145.00   147.00   154.82
2025-09-17 11:00        3,096     0.00    29.00   151.00   146.00   147.00   149.76
2025-09-17 12:00        3,075     0.00    29.00   165.00   146.00   159.19   164.69
2025-09-17 13:00        3,134     0.00    29.00   328.00   144.67   268.87   322.67
2025-09-17 14:00        2,939     0.00    31.00   219.00   144.62   148.00   198.14
2025-09-17 15:00        2,962     0.00    31.00   275.00   145.00   251.08   273.82
2025-09-17 16:00        2,895     0.00    31.00   148.00   147.00   148.00   148.00
2025-09-17 17:00        2,993     0.00    31.00   147.00   146.00   147.00   147.00
2025-09-17 18:00        3,006     0.00    31.00   286.00   145.00   146.00   285.40
2025-09-17 19:00        3,016     0.00    31.00   144.00   143.00   143.00   144.00
2025-09-17 20:00        2,892     0.00    31.00  6284.00   143.00   230.33  6227.91
2025-09-17 21:00        2,865     0.00    32.00   143.00   142.00   143.00   143.00
2025-09-17 22:00        2,907     0.00    32.00   144.00   143.00   143.00   144.00
2025-09-17 23:00        2,866     0.00    32.00   337.00   143.00   288.00   323.25
2025-09-18 00:00        2,888     0.00    31.00   223.00   145.00   163.15   218.09
2025-09-18 01:00        2,818     0.00    31.00   340.00   146.00   146.18   339.72
2025-09-18 02:00        2,867     0.00    32.00   318.00   146.00   169.38   317.43
2025-09-18 03:00        2,856     0.00    31.00   344.00   142.00   143.00   286.90
2025-09-18 04:00        2,764     0.00    32.00   293.00   147.00   277.71   290.24
2025-09-18 05:00        2,754     0.00    32.00   310.00   147.00   263.49   301.74
2025-09-18 06:00        2,722     0.00    32.00   430.00   144.00   236.70   417.21
2025-09-18 07:00        2,730     0.00    32.00   147.00   147.00   147.00   147.00
2025-09-18 08:00        2,958     0.00    31.00   297.00   145.00   153.36   297.00
2025-09-18 09:00        3,065     0.00    31.00   314.00   145.36   147.00   262.83
2025-09-18 10:00        3,075     0.00    31.00   149.00   147.00   148.00   149.00
2025-09-18 11:00        3,067     0.00    31.00   353.00   142.00   272.67   330.93
2025-09-18 12:00        3,129     0.00    31.00   417.00   142.00   150.00   399.17
2025-09-18 13:00        3,086     0.00    31.00   331.00   146.00   325.47   330.69
2025-09-18 14:00        2,960     0.00    33.00   146.00   145.00   146.00   146.00
2025-09-18 15:00        2,914     0.00    32.00 45108.00   148.00  4164.06 35988.27
2025-09-18 16:00        2,955     0.00    34.00   146.00   145.00   146.00   146.00
2025-09-18 17:00        2,969     0.00    33.00   146.00   145.00   145.00   145.70
2025-09-18 18:00        2,930     0.00    31.00   148.00   147.00   148.00   148.00
2025-09-18 19:00        3,011     0.00    30.00   205.00   146.00   146.00   187.54
2025-09-18 20:00        2,804     0.00    31.00   232.00   146.00   148.77   231.72
2025-09-18 21:00        2,834     0.00    32.00   215.00   146.00   150.84   213.58
2025-09-18 22:00        3,067     0.00    32.00   368.00   147.00   338.00   362.48
2025-09-18 23:00        2,962     0.00    32.00   148.00   145.00   148.00   148.00
2025-09-19 00:00        2,832     0.00    32.00   362.00   148.00   210.77   352.66
2025-09-19 01:00        2,874     0.00    32.00   303.00   147.00   148.25   296.39
2025-09-19 02:00        2,854     0.00    32.00   343.00   147.00   149.00   341.57
2025-09-19 03:00        2,818     0.00    32.00   220.00   148.00   148.00   199.72
2025-09-19 04:00        2,744     0.00    32.00   152.00   144.00   146.00   150.63
2025-09-19 05:00        2,753     0.00    32.00   385.00   146.00   147.00   319.50
2025-09-19 06:00        2,726     0.00    32.00   154.00   147.00   148.00   152.64
2025-09-19 07:00        2,740     0.00    32.00   147.00   145.00   146.00   146.73
2025-09-19 08:00        2,986     0.00    32.00   155.00   145.00   146.01   152.91
2025-09-19 09:00        3,014     0.00    32.00   216.00   147.00   204.27   215.40
2025-09-19 10:00        3,062     0.00    31.00   150.00   145.00   146.00   148.78
2025-09-19 11:00        3,099     0.00    31.00   383.00   145.00   146.00   374.94
2025-09-19 12:00        3,080     0.00    31.00   386.00   145.00   319.70   380.46
2025-09-19 13:00        3,093     0.00    31.00   177.00   145.00   146.00   167.41
2025-09-19 14:00        2,994     0.00    31.00   362.00   147.00   148.93   345.84
2025-09-19 15:00        2,963     0.00    31.00   382.00   146.00   147.04   325.72
2025-09-19 16:00        2,978     0.00    32.00  1775.00   146.00  1052.60  1705.93
2025-09-19 17:00        3,005     0.00    31.00   148.00   148.00   148.00   148.00
2025-09-19 18:00        2,977     0.00    31.00   168.00   144.00   144.00   160.86
2025-09-19 19:00        2,932     0.00    31.00   147.00   147.00   147.00   147.00
2025-09-19 20:00        2,800     0.00    31.50   147.00   146.00   147.00   147.00
2025-09-19 21:00        2,766     0.00    32.00   149.00   148.00   149.00   149.00
2025-09-19 22:00        2,836     0.00    32.00   148.00   147.00   148.00   148.00
2025-09-19 23:00        2,849     0.00    31.00   146.00   142.00   146.00   146.00
2025-09-20 00:00        2,849     0.00    31.00   148.00   146.00   147.00   147.72
2025-09-20 01:00        2,831     0.00    32.00   147.00   146.00   147.00   147.00
2025-09-20 02:00        2,819     0.00    32.00   168.00   145.00   147.36   164.62
2025-09-20 03:00        2,837     0.00    31.00   148.00   146.00   147.16   148.00
2025-09-20 04:00        2,786     0.00    32.00   264.00   146.00   231.29   257.32
2025-09-20 05:00        2,793     0.00    32.00   147.00   146.00   147.00   147.00
2025-09-20 06:00        1,366     0.00    32.00   163.00   145.00   146.00   160.68
2025-09-20 07:00        2,759     0.00    31.00   148.00   146.00   148.00   148.00
2025-09-20 08:00        2,997     0.00    31.00   146.00   144.00   145.00   146.00
2025-09-20 09:00        3,061     0.00    30.00   147.00   146.00   147.00   147.00
2025-09-20 10:00        3,072     0.00    29.00   190.00   146.00   148.00   177.10
2025-09-20 11:00        3,101     0.00    29.00   148.00   145.00   148.00   148.00
2025-09-20 12:00        3,136     0.00    30.00   154.00   146.00   147.00   151.81
2025-09-20 13:00        3,150     0.00    30.00   148.00   146.00   148.00   148.00
2025-09-20 14:00        3,008     0.00    31.00   180.00   146.00   147.00   170.08
2025-09-20 15:00        3,002     0.00    31.00   147.00   146.00   146.00   147.00
2025-09-20 16:00        2,992     0.00    31.00   147.00   146.00   147.00   147.00
2025-09-20 17:00        2,988     0.00    31.00   149.00   147.00   148.00   148.70
2025-09-20 18:00        3,013     0.00    31.00   147.00   146.00   147.00   147.00
2025-09-20 19:00        3,044     0.00    31.00   144.00   143.00   144.00   144.00
2025-09-20 20:00        2,887     0.00    32.00   172.00   146.00   148.00   165.07
2025-09-20 21:00        2,859     0.00    31.00   151.00   150.00   151.00   151.00
2025-09-20 22:00        2,869     0.00    31.00   150.00   149.00   150.00   150.00
2025-09-20 23:00        2,886     0.00    31.00   150.00   149.00   150.00   150.00
2025-09-21 00:00        2,900     0.00    32.00   168.00   147.00   149.71   165.10
2025-09-21 01:00        2,843     0.00    32.00   147.00   146.00   147.00   147.00
2025-09-21 02:00        2,833     0.00    32.00   147.00   145.00   147.00   147.00
2025-09-21 03:00        2,865     0.00    32.00   146.00   145.00   146.00   146.00
2025-09-21 04:00        2,814     0.00    32.00   176.00   146.00   155.19   171.78
2025-09-21 05:00        2,786     0.00    32.00   146.00   145.00   146.00   146.00
2025-09-21 06:00        2,721     0.00    32.00   156.00   146.00   146.00   153.55
2025-09-21 07:00        2,722     0.00    32.00   148.00   146.00   147.00   148.00
2025-09-21 08:00        3,020     0.00    31.00   148.00   147.00   147.00   148.00
2025-09-21 09:00        3,113     0.00    31.00   146.00   143.00   145.00   146.00
2025-09-21 10:00        3,077     0.00    31.00   147.00   146.00   147.00   147.00
2025-09-21 11:00        3,116     0.00    31.00   186.00   144.00   146.00   173.85
2025-09-21 12:00        3,088     0.00    31.00   147.00   146.00   147.00   147.00
2025-09-21 13:00        3,143     0.00    31.00   148.00   146.00   147.00   147.69
2025-09-21 14:00        2,971     0.00    31.00   219.00   146.00   147.00   197.62
2025-09-21 15:00        3,002     0.00    32.00   147.00   146.00   147.00   147.00
2025-09-21 16:00        3,013     0.00    31.00   202.00   146.00   146.99   187.54
2025-09-21 17:00        3,081     0.00    31.00   148.00   144.00   148.00   148.00
2025-09-21 18:00        3,041     0.00    31.00   152.00   145.00   145.96   150.18
2025-09-21 19:00        3,070     0.00    31.00   152.00   144.00   145.00   149.85
2025-09-21 20:00        2,900     0.00    32.00   191.00   144.00   145.00   177.96
2025-09-21 21:00        2,875     0.00    32.00   145.00   144.00   145.00   145.00
2025-09-21 22:00        2,876     0.00    31.00   180.00   144.00   145.00   177.12
2025-09-21 23:00        2,950     0.00    31.00  4145.00   144.51   147.05  2986.34
2025-09-22 00:00        2,888     0.00    31.00   168.00   145.00   146.45   166.27
2025-09-22 01:00        2,849     0.00    31.00   187.00   145.00   145.00   175.04
2025-09-22 02:00        2,871     0.00    31.00   264.00   147.00   251.78   263.14
2025-09-22 03:00        2,838     0.00    32.00   147.00   147.00   147.00   147.00
2025-09-22 04:00        2,821     0.00    31.00   153.00   146.00   147.00   151.31
2025-09-22 05:00        2,812     0.00    31.00   147.00   146.00   147.00   147.00
2025-09-22 06:00        2,773     0.00    31.00   197.00   146.00   147.00   183.97
2025-09-22 07:00        2,762     0.00    31.00   212.00   146.00   147.00   194.33
2025-09-22 08:00        3,037     0.00    31.00   145.00   144.00   144.00   144.70
2025-09-22 09:00        3,103     0.00    31.00   210.00   144.00   145.90   190.15
2025-09-22 10:00        3,107     0.00    30.00   146.00   145.00   146.00   146.00
2025-09-22 11:00        3,131     0.00    31.00   145.00   145.00   145.00   145.00
2025-09-22 12:00        3,124     0.00    30.00   174.00   146.00   158.75   171.50
2025-09-22 13:00        3,150     0.00    31.00   170.00   143.00   144.85   163.70
2025-09-22 14:00        2,978     0.00    32.00   177.00   145.00   147.00   168.07
2025-09-22 15:00        2,982     0.00    32.00   148.00   147.00   148.00   148.00
2025-09-22 16:00        3,015     0.00    31.00   165.00   145.00   159.99   164.40
2025-09-22 17:00        3,085     0.00    31.00   148.00   145.00   147.00   148.00
2025-09-22 18:00        2,959     0.00    32.00   173.00   146.00   151.17   171.22
2025-09-22 19:00        2,994     0.00    31.00   179.00   147.00   148.00   173.31
2025-09-22 20:00        2,875     0.00    32.00   147.00   144.00   146.00   147.00
2025-09-22 21:00        2,910     0.00    31.00   248.00   146.00   147.18   220.95
2025-09-22 22:00        2,866     0.00    31.00   285.00   148.00   155.88   266.66
2025-09-22 23:00        2,872     0.00    31.00   180.00   147.00   149.42   178.56
2025-09-23 00:00        2,875     0.00    31.00   149.00   147.00   148.00   148.71
2025-09-23 01:00        2,834     0.00    31.00   168.00   147.00   148.00   162.33
2025-09-23 02:00        2,904     0.00    31.00   156.00   148.00   153.00   155.42
2025-09-23 03:00        2,861     0.00    31.00   149.00   147.00   148.00   149.00
2025-09-23 04:00        2,782     0.00    31.00   322.00   148.00   265.97   313.66
2025-09-23 05:00        2,806     0.00    31.00   155.00   147.95   148.19   153.88
2025-09-23 06:00        2,752     0.00    32.00   192.00   146.00   147.00   179.90
2025-09-23 07:00        2,726     0.00    32.00   239.00   147.00   225.75   238.18
2025-09-23 08:00        2,992     0.00    30.00   149.00   147.00   149.00   149.00
2025-09-23 09:00        3,072     0.00    31.00   205.00   146.00   156.00   197.94
2025-09-23 10:00        3,064     0.00    31.00   229.00   147.00   156.87   213.99
2025-09-23 11:00        3,118     0.00    31.00   197.00   145.00   146.00   188.27
2025-09-23 12:00        3,085     0.00    31.00   286.00   147.00   175.32   282.92
2025-09-23 13:00        3,094     0.00    31.00   201.00   146.00   149.72   195.12
2025-09-23 14:00        2,975     0.00    31.00   236.00   146.00   147.00   209.53
2025-09-23 15:00        2,947     0.00    31.00   155.00   146.00   148.00   152.94
2025-09-23 16:00        2,949     0.00    31.00   170.00   147.00   148.00   163.51
2025-09-23 17:00        3,035     0.00    31.00   183.00   146.00   148.00   172.99
2025-09-23 18:00        3,001     0.00    31.00   263.00   146.00   148.00   230.30
2025-09-23 19:00        3,054     0.00    31.00   234.00   147.00   152.79   210.80
2025-09-23 20:00        2,908     0.00    32.00   191.00   148.00   148.00   178.50
2025-09-23 21:00        2,843     0.00    32.00   163.00   145.00   152.58   162.72
2025-09-23 22:00        2,844     0.00    31.00   176.00   146.00   147.00   174.29
2025-09-23 23:00        2,947     0.00    32.00   199.00   145.00   180.11   194.88
2025-09-24 00:00        2,820     0.00    31.00   147.00   146.00   146.00   147.00
2025-09-24 01:00        2,854     0.00    32.00   159.00   147.00   148.76   159.00
2025-09-24 02:00        2,840     0.00    32.00   221.00   143.00   155.64   207.66
2025-09-24 03:00        2,780     0.00    32.00   145.00   142.00   145.00   145.00
2025-09-24 04:00        2,766     0.00    32.00   157.00   145.00   146.00   153.96
2025-09-24 05:00        2,772     0.00    32.00   247.00   145.00   146.00   246.72
2025-09-24 06:00        2,705     0.00    32.00   147.00   145.00   146.00   147.00
2025-09-24 07:00        2,721     0.00    33.00   146.00   144.00   145.28   146.00
2025-09-24 08:00        3,016     0.00    32.00   176.00   146.00   147.00   169.67
2025-09-24 09:00        4,621     0.00    31.00   248.00   144.00   147.00   201.80
2025-09-24 10:00        6,186     0.00    31.00   210.00   144.00   146.00   174.75
2025-09-24 11:00        6,181     0.00    31.00   220.00   146.00   156.10   193.43
2025-09-24 12:00        6,163     0.00    31.00   179.00   145.00   147.00   165.44
2025-09-24 13:00        6,194     0.00    31.00   185.00   134.00   175.84   184.38
2025-09-24 14:00        5,928     0.00    31.00   189.00   145.00   148.00   164.70
2025-09-24 15:00        4,489     0.00    31.00   148.00   146.00   147.00   147.55
2025-09-24 16:00        4,509     0.00    32.00   246.00   147.00   147.00   203.62
2025-09-24 17:00        4,475     0.00    31.00   146.00   145.00   146.00   146.00
2025-09-24 18:00        4,484     0.00    31.00   259.00   147.00   148.52   255.41
2025-09-24 19:00        6,051     0.00    31.00   181.00   147.00   148.00   176.16
2025-09-24 20:00        4,307     0.00    31.00   195.00   147.00   148.00   178.64
2025-09-24 21:00        5,601     0.00    32.00   289.00   145.00   147.00   267.16
2025-09-24 22:00        5,507     0.00    32.00   226.00   147.00   148.00   187.46
2025-09-24 23:00        5,579     0.00    32.00   146.00   145.00   146.00   146.00
2025-09-25 00:00        5,647     0.00    32.00   146.00   146.00   146.00   146.00
2025-09-25 01:00        5,742     0.00    31.00   164.00   145.00   147.00   154.24
2025-09-25 02:00        5,593     0.00    32.00   298.00   147.00   147.00   291.85
2025-09-25 03:00        5,526     0.00    32.00   184.00   144.00   159.95   182.34
2025-09-25 04:00        5,525     0.00    32.00   320.00   145.00   146.00   224.99
2025-09-25 05:00        5,528     0.00    32.00   308.00   145.00   153.42   300.81
2025-09-25 06:00        5,430     0.00    32.00   184.00   149.00   150.57   166.08
2025-09-25 07:00        5,404     0.00    32.00   194.00   123.00   152.00   189.14
2025-09-25 08:00        6,007     0.00    31.00   191.00   115.00   145.00   180.19
2025-09-25 09:00        6,114     0.00    31.00   171.00   151.00   152.00   159.38
2025-09-25 10:00        6,138     0.00    31.00   151.00   115.00   151.00   151.00
2025-09-25 11:00        6,173     0.00    31.00   196.00   116.00   189.00   196.00
2025-09-25 12:00        6,177     0.00    30.00   144.00   122.00   123.00   132.88
2025-09-25 13:00        6,210     0.00    31.00   312.00   122.00   123.00   308.27
2025-09-25 14:00        5,887     0.00    32.00   296.00   122.00   123.00   296.00
2025-09-25 15:00        5,872     0.00    32.00   250.00   117.00   152.00   242.37
2025-09-25 16:00        5,875     0.00    31.00   211.00   134.00   148.00   211.00
2025-09-25 17:00        5,950     0.00    31.00   235.00   133.00   148.00   194.55
2025-09-25 18:00        6,029     0.00    31.00   212.00   136.00   144.00   195.12
2025-09-25 19:00        6,063     0.00    31.00   268.00   145.00   145.00   194.04
2025-09-25 20:00        5,715     0.00    32.00   635.00   144.00   203.44   416.15
2025-09-25 21:00        5,713     0.00    32.00   156.00   148.00   149.00   152.00
2025-09-25 22:00        5,653     0.00    32.00   272.00   146.00   149.39   247.70
2025-09-25 23:00        4,235     0.00    32.00   354.00   147.00   252.85   353.58
2025-09-26 00:00        4,333     0.00    32.00   148.00   147.00   147.00   148.00
2025-09-26 01:00        5,751     0.00    31.00   255.00   145.00   157.25   219.35
2025-09-26 02:00        4,249     0.00    32.00   200.00   135.00   149.50   199.57
2025-09-26 03:00        5,589     0.00    32.00   222.00   115.00   148.41   220.88
2025-09-26 04:00        5,609     0.00    32.00   235.00   136.00   196.57   233.88
2025-09-26 05:00        4,171     0.00    32.00   235.00   145.00   146.00   197.89
2025-09-26 06:00        5,509     0.00    32.00   298.00   135.00   144.49   295.25
2025-09-26 07:00        4,089     0.00    32.00   230.00   117.00   151.91   227.55
2025-09-26 08:00        6,062     0.00    31.00   257.00   136.00   194.76   249.12
2025-09-26 09:00        6,114     0.00    31.00   147.00   113.00   146.00   147.00
2025-09-26 10:00        6,140     0.00    31.00   319.00   145.00   197.58   253.93
2025-09-26 11:00        6,187     0.00    31.00   331.00   145.00   145.81   329.76
2025-09-26 12:00        6,167     0.00    31.00   242.00   135.00   170.85   229.05
2025-09-26 13:00        6,227     0.00    31.00   271.00   123.00   235.77   269.13
2025-09-26 14:00        5,848     0.00    32.00   336.00   146.00   148.00   312.03
2025-09-26 15:00        5,871     0.00    31.00   202.00   144.00   176.00   199.65
2025-09-26 16:00        5,937     0.00    31.00   318.00   141.64   145.06   315.03
2025-09-26 17:00        2,971     0.00    31.00   193.00   142.00   187.12   192.41
2025-09-26 18:00        6,015     0.00    31.00   280.00   145.00   146.99   269.18
2025-09-26 19:00        4,552     0.00    31.00   369.00   145.00   146.00   353.98
2025-09-26 20:00        5,728     0.00    31.00   250.00   140.00   185.64   248.28
2025-09-26 21:00        4,250     0.00    31.50   337.00   141.00   201.03   329.35
2025-09-26 22:00        5,723     0.00    32.00   297.00   145.00   169.50   279.83
2025-09-26 23:00        5,775     0.00    31.00   286.00   140.00   255.42   283.69
2025-09-27 00:00        4,237     0.00    31.00   250.00   143.00   163.53   247.88
2025-09-27 01:00        5,659     0.00    31.00   309.00   142.00   143.00   293.72
2025-09-27 02:00        4,296     0.00    31.00   234.00   144.00   188.16   229.28
2025-09-27 03:00        4,236     0.00    31.00   384.00   143.00   244.84   368.75
2025-09-27 04:00        5,569     0.00    32.00   142.00   140.00   142.00   142.00
2025-09-27 05:00        5,535     0.00    32.00   343.00   141.00   235.18   331.38
2025-09-27 06:00        5,431     0.00    32.00   302.00   144.00   203.39   301.46
2025-09-27 07:00        5,456     0.00    32.00   232.00   139.00   141.00   224.91
2025-09-27 08:00        6,118     0.00    31.00   318.00   139.00   141.00   312.50
2025-09-27 09:00        6,180     0.00    31.00   149.00   139.00   140.00   146.53
2025-09-27 10:00        6,198     0.00    31.00   294.00   140.00   162.68   292.14
2025-09-27 11:00        6,194     0.00    31.00   244.00   141.00   142.81   241.52
2025-09-27 12:00        6,205     0.00    31.00   276.00   141.96   219.74   272.28
2025-09-27 13:00        6,221     0.00    31.00   293.00   144.00   147.00   292.38
2025-09-27 14:00        5,928     0.00    31.00   321.00   140.73   159.73   320.41
2025-09-27 15:00        5,965     0.00    31.00   325.00   140.00   144.00   305.32
2025-09-27 16:00        5,978     0.00    32.00   368.00   141.00   226.07   351.86
2025-09-27 17:00        5,981     0.00    31.00   479.00   139.00   332.74   447.31
2025-09-27 18:00        6,034     0.00    31.00   379.00   142.00   288.50   372.97
2025-09-27 19:00        5,969     0.00    31.00   209.00   142.00   143.00   179.16
2025-09-27 20:00        5,686     0.00    32.00   306.00   144.00   145.31   290.65
2025-09-27 21:00        5,672     0.00    32.00   359.00   139.00   140.00   236.51
2025-09-27 22:00        5,804     0.00    32.00   354.00   145.00   272.39   319.76
2025-09-27 23:00        5,770     0.00    32.00   321.00   140.00   214.46   318.12
2025-09-28 00:00        5,699     0.00    32.00   309.00   142.00   158.51   290.77
2025-09-28 01:00        5,663     0.00    32.00   325.00   144.00   145.00   325.00
2025-09-28 02:00        4,233     0.00    32.00   233.00   144.00   145.77   233.00
2025-09-28 03:00        4,261     0.00    32.00   320.00   140.00   277.74   312.33
2025-09-28 04:00        5,612     0.00    32.00   365.00   143.89   265.50   321.23
2025-09-28 05:00        5,567     0.00    32.00   302.00   141.34   242.21   297.55
2025-09-28 06:00        5,458     0.00    32.00   327.00   142.00   279.26   316.09
2025-09-28 07:00        5,487     0.00    32.00   402.00   141.00   145.00   385.54
2025-09-28 08:00        6,093     0.00    31.00   390.00   141.00   279.00   349.79
2025-09-28 09:00        6,162     0.00    31.00   338.00   144.00   293.68   329.99
2025-09-28 10:00        6,142     0.00    31.00   288.00   141.00   144.00   229.05
2025-09-28 11:00        6,256     0.00    31.00   323.00   141.00   302.00   322.37
2025-09-28 12:00        6,239     0.00    31.00   268.00   145.00   170.57   268.00
2025-09-28 13:00        6,327     0.00    31.00   165.00   145.00   148.02   163.10
2025-09-28 14:00        5,973     0.00    31.00   401.00   147.00   301.03   400.40
2025-09-28 15:00        5,971     0.00    31.00   346.00   146.30   307.06   344.81
2025-09-28 16:00        6,061     0.00    31.00   322.00   145.00   300.38   321.39
2025-09-28 17:00        6,016     0.00    31.00   382.00   145.00   348.99   371.17
2025-09-28 18:00        6,060     0.00    31.00   335.00   147.00   307.35   325.31
2025-09-28 19:00        6,038     0.00    31.00   329.00   144.00   145.00   223.35
2025-09-28 20:00        5,713     0.00    31.00   394.00   145.00   233.29   393.43
2025-09-28 21:00        5,793     0.00    31.00  3887.00   144.00   278.42  1812.88
2025-09-28 22:00        5,762     0.00    32.00   345.00   145.00   147.00   345.00
2025-09-28 23:00        5,730     0.00    31.00   275.00   145.00   212.00   267.55
2025-09-29 00:00        5,755     0.00    31.00   298.00   145.00   240.49   292.82
2025-09-29 01:00        5,701     0.00    31.00   295.00   145.00   224.50   293.29
2025-09-29 02:00        5,736     0.00    31.00   293.00   144.00   232.85   280.38
2025-09-29 03:00        5,695     0.00    31.00   391.00   145.00   244.67   350.00
2025-09-29 04:00        5,550     0.00    31.00   384.00   123.00   330.35   371.79
2025-09-29 05:00        5,554     0.00    32.00   312.00   123.00   146.00   299.78
2025-09-29 06:00        5,489     0.00    32.00   261.00   143.00   198.05   260.45
2025-09-29 07:00        5,495     0.00    32.00   435.00   148.00   342.05   424.56
2025-09-29 08:00        6,014     0.00    31.00   424.00   121.00   165.90   384.92
2025-09-29 09:00        6,075     0.00    31.00   259.00   147.00   157.85   256.57
2025-09-29 10:00        6,210     0.00    31.00   405.00   145.00   147.00   398.79
2025-09-29 11:00        6,239     0.00    31.00   413.00   122.00   123.00   401.77
2025-09-29 12:00        6,176     0.00    31.00   148.00   144.00   147.00   148.00
2025-09-29 13:00        6,214     0.00    31.00   422.00   146.00   161.59   361.73
2025-09-29 14:00        5,927     0.00    31.00   325.00   146.00   148.00   303.67
2025-09-29 15:00        5,922     0.00    31.00   343.00   144.00   337.16   341.82
2025-09-29 16:00        6,010     0.00    31.00   383.00   149.00   150.99   380.60
2025-09-29 17:00        6,036     0.00    31.00   344.00   146.00   146.00   340.38
2025-09-29 18:00        6,029     0.00    31.00   307.00   145.00   146.00   217.79
2025-09-29 19:00        6,077     0.00    30.00   362.00   147.00   148.00   361.39
2025-09-29 20:00        5,801     0.00    31.00   425.00   146.00   291.60   413.40
2025-09-29 21:00        5,702     0.00    32.00   215.00   145.00   145.00   207.02
2025-09-29 22:00        5,719     0.00    31.00   453.00   145.00   239.25   399.82
2025-09-29 23:00        5,711     0.00    32.00   388.00   145.00   368.00   380.01
2025-09-30 00:00        4,265     0.00    32.00   391.00   140.00   341.89   388.87
2025-09-30 01:00        5,637     0.00    32.00   236.00   142.00   142.00   205.00
2025-09-30 02:00        4,217     0.00    31.00   262.00   144.00   146.00   237.97
2025-09-30 03:00        5,662     0.00    31.00   405.00   145.00   146.00   404.43
2025-09-30 04:00        4,177     0.00    32.00   413.00   145.00   204.89   412.58
2025-09-30 05:00        5,500     0.00    32.00   146.00   145.00   146.00   146.00
2025-09-30 06:00        5,480     0.00    32.00   357.00   143.00   144.00   345.49
2025-09-30 07:00        5,416     0.00    32.00  2227.00   144.00   175.00  1159.70
2025-09-30 08:00        6,061     0.00    32.00   361.00   142.00   293.20   344.64
2025-09-30 09:00        6,156     0.00    32.00   383.00   142.00   143.00   375.61
2025-09-30 10:00        6,125     0.00    31.00   320.00   141.00   146.00   318.16
2025-09-30 11:00        6,215     0.00    31.00   396.00   141.00   145.00   396.00
2025-09-30 12:00        6,168     0.00    31.00   395.00   140.00   140.83   257.48
2025-09-30 13:00        4,619     0.00    32.00   141.00   140.00   141.00   141.00
2025-09-30 14:00        4,416     0.00    32.00   395.00   139.00   190.31   388.38
2025-09-30 15:00        5,921     0.00    32.00   458.00   144.00   281.24   449.71
2025-09-30 16:00        5,978     0.00    32.00   188.00   141.00   142.00   182.02
2025-09-30 17:00        5,992     0.00    32.00   428.00   145.00   146.06   414.22
2025-09-30 18:00        5,933     0.00    32.00   345.00   143.00   202.79   342.03
2025-09-30 19:00        4,531     0.00    31.00   162.00   142.00   144.00   156.11
2025-09-30 20:00        5,693     0.00    32.00  1347.00   144.00   232.24   823.90
2025-09-30 21:00        4,120     0.00    32.00   143.00   142.00   143.00   143.00
2025-09-30 22:00        4,283     0.00    32.00   711.00   140.00   152.03   563.27
2025-09-30 23:00        5,782     0.00    32.00   112.00   108.00   111.00   111.42
2025-10-01 00:00        4,290     0.00    32.00   181.00   109.00   116.00   172.42
2025-10-01 01:00        5,673     0.00    32.00   116.00   111.00   115.00   115.43
2025-10-01 02:00        5,601     0.00    32.00   362.00   115.00   319.00   355.84
2025-10-01 03:00        5,569     0.00    31.00   396.00   114.00   116.00   393.77
2025-10-01 04:00        5,536     0.00    31.00   444.00   115.00   137.41   440.13
2025-10-01 05:00        5,512     0.00    31.00   424.00   110.00   115.00   285.67
2025-10-01 06:00        5,481     0.00    32.00   324.00   112.00   310.88   323.45
2025-10-01 07:00        5,431     0.00    31.00   157.00   111.00   115.57   152.66
2025-10-01 08:00        6,078     0.00    31.00   380.00   115.00   344.69   375.75
2025-10-01 09:00        6,159     0.00    30.00   342.00   114.00   115.00   340.77
2025-10-01 10:00        6,116     0.00    31.00   397.00   112.00   298.75   388.44
2025-10-01 11:00        6,191     0.00    31.00   291.00   112.00   231.96   290.38
2025-10-01 12:00        6,192     0.00    30.00   410.00   111.00   276.05   403.81
2025-10-01 13:00        6,222     0.00    29.00   295.00   114.00   280.25   295.00
2025-10-01 14:00        5,886     0.00    31.00   366.00   114.00   140.00   315.98
2025-10-01 15:00        5,870     0.00    31.00   115.00   113.00   114.00   114.41
2025-10-01 16:00        5,892     0.00    31.00   377.00   106.00   338.22   370.52
2025-10-01 17:00        5,890     0.00    31.00   120.00   112.00   116.00   118.23
2025-10-01 18:00        5,969     0.00    31.00   377.00   115.00   183.09   364.47
2025-10-01 19:00        6,040     0.00    31.00   341.00   111.00   116.96   339.79
2025-10-01 20:00        5,600     0.00    32.00   346.00   111.00   237.02   334.80
2025-10-01 21:00        5,583     0.00    32.00   122.00   110.00   111.00   115.86
2025-10-01 22:00        5,598     0.00    32.00   524.00   113.00   248.84   444.52
2025-10-01 23:00        5,664     0.00    32.00   408.00   110.00   123.09   408.00
2025-10-02 00:00        4,240     0.00    32.00   397.00   110.00   202.46   390.22
2025-10-02 01:00        4,210     0.00    32.00   269.00   115.00   196.49   261.42
2025-10-02 02:00        4,193     0.00    32.00   801.00   117.00   260.23   604.81
2025-10-02 03:00        4,190     0.00    32.00   244.00   116.00   146.24   211.33
2025-10-02 04:00        4,140     0.00    32.00   278.00   116.00   246.03   272.62
2025-10-02 05:00        5,492     0.00    32.00 26063.00   116.00   389.51 15193.02
2025-10-02 06:00        4,054     0.00    32.00   236.00   113.00   117.00   193.85
2025-10-02 07:00        5,424     0.00    32.00   330.00   114.00   182.01   318.07
2025-10-02 08:00        6,103     0.00    31.00   343.00   113.98   231.06   341.78
2025-10-02 09:00        6,164     0.00    31.00   465.00   112.00   309.67   388.58
2025-10-02 10:00        6,183     0.00    31.00   487.00   112.00   117.00   278.67
2025-10-02 11:00        6,166     0.00    31.00   410.00   110.00   259.21   406.92
2025-10-02 12:00        6,206     0.00    31.00   170.00   113.00   114.00   158.21
2025-10-02 13:00        6,196     0.00    31.00   390.00   115.00   350.81   384.43
2025-10-02 14:00        5,831     0.00    32.00   349.00   115.00   273.02   347.25
2025-10-02 15:00        5,961     0.00    31.00   427.00   110.00   111.00   238.66
2025-10-02 16:00        5,930     0.00    31.00   410.00   109.00   203.34   407.04
2025-10-02 17:00        5,934     0.00    31.00   390.00   108.67   117.00   349.66
2025-10-02 18:00        6,382     0.00    31.00   369.00   111.00   348.00   364.53
2025-10-02 19:00        6,069     0.00    31.00   118.00   111.00   116.00   117.39
2025-10-02 20:00        5,660     0.00    32.00   358.00   112.00   310.69   357.43
2025-10-02 21:00        5,651     0.00    32.00   365.00   106.00   108.00   352.57
2025-10-02 22:00        5,593     0.00    32.00   415.00   112.00   113.00   246.12
2025-10-02 23:00        5,657     0.00    31.00   399.00   112.00   324.32   389.95
2025-10-03 00:00        5,652     0.00    31.00   369.00   112.00   227.35   363.91
2025-10-03 01:00        5,677     0.00    32.00   402.00   111.00   112.00   398.59
2025-10-03 02:00        5,600     0.00    32.00   194.00   111.00   112.00   191.76
2025-10-03 03:00        5,604     0.00    32.00   366.00   112.00   313.57   355.92
2025-10-03 04:00        5,593     0.00    32.00   363.00   115.00   328.82   362.44
2025-10-03 05:00        5,528     0.00    31.00   380.00   114.00   212.02   377.24
2025-10-03 06:00        5,538     0.00    32.00   374.00   115.00   361.46   372.89
2025-10-03 07:00        5,448     0.00    32.00   395.00   110.00   111.00   386.83
2025-10-03 08:00        6,122     0.00    31.00   454.00   116.00   336.00   387.28
2025-10-03 09:00        6,140     0.00    31.50   428.00   111.00   115.00   364.15
2025-10-03 10:00        6,116     0.00    31.00   181.00   111.00   113.00   178.55
2025-10-03 11:00        6,253     0.00    31.00   399.00   111.00   112.00   389.62
2025-10-03 12:00        6,231     0.00    31.00   341.00   116.00   117.00   336.64
2025-10-03 13:00        6,278     0.00    31.00   342.00   106.00   111.17   339.49
2025-10-03 14:00        5,940     0.00    31.00  3290.00   106.00   107.06  1510.08
2025-10-03 15:00        5,941     0.00    31.00   321.00   116.00   299.20   321.00
2025-10-03 16:00        5,853     0.00    31.00   341.00   115.00   116.15   305.89
2025-10-03 17:00        5,998     0.00    31.00   167.00   113.03   114.00   135.82
2025-10-03 18:00        6,134     0.00    31.00   397.00   115.00   367.87   396.39
2025-10-03 19:00        6,072     0.00    31.00   151.00   111.00   112.00   127.93
2025-10-03 20:00        5,735     0.00    31.00   150.00   106.00   136.86   150.00
2025-10-03 21:00        5,692     0.00    31.00   348.00   110.00   115.31   313.85
2025-10-03 22:00        5,718     0.00    32.00   172.00   106.00   112.00   137.70
2025-10-03 23:00        5,624     0.00    31.00   332.00   110.00   315.88   329.75
2025-10-04 00:00        5,608     0.00    32.00   434.00   116.00   269.57   431.20
2025-10-04 01:00        5,595     0.00    31.00   332.00   116.00   213.34   330.88
2025-10-04 02:00        5,549     0.00    31.00   414.00   110.00   274.90   403.46
2025-10-04 03:00        5,594     0.00    31.00   374.00   114.00   257.04   372.88
2025-10-04 04:00        5,554     0.00    31.00   360.00   115.00   145.06   327.79
2025-10-04 05:00        5,544     0.00    31.00   112.00   109.00   110.46   112.00
2025-10-04 06:00        5,437     0.00    31.00   492.00   111.00   114.00   403.39
2025-10-04 07:00        5,397     0.00    31.00   387.00   111.00   112.00   238.61
2025-10-04 08:00        6,108     0.00    31.00  1177.00   114.00   172.54   663.40
2025-10-04 09:00        6,121     0.00    31.00   479.00   111.00   114.00   256.23
2025-10-04 10:00        6,110     0.00    31.00   398.00   112.00   152.00   394.33
2025-10-04 11:00        6,248     0.00    31.00   331.00   114.00   115.00   328.50
2025-10-04 12:00        6,239     0.00    31.00   346.00   113.00   115.00   345.38
2025-10-04 13:00        6,242     0.00    31.00   356.00   110.00   341.00   354.13
2025-10-04 14:00        5,988     0.00    31.00   380.00   120.00   364.05   379.40
2025-10-04 15:00        5,916     0.00    30.00   345.00   115.00   244.42   343.23
2025-10-04 16:00        5,950     0.00    31.00   432.00   116.00   123.61   430.81
2025-10-04 17:00        6,027     0.00    30.00   385.00   117.00   155.14   384.40
2025-10-04 18:00        5,943     0.00    31.00   123.00   115.00   120.00   122.41
2025-10-04 19:00        6,069     0.00    31.00   341.00   116.00   312.73   335.54
2025-10-04 20:00        5,684     0.00    31.00   435.00   116.00   362.32   429.88
2025-10-04 21:00        5,702     0.00    31.00   376.00   116.00   178.70   370.30
2025-10-04 22:00        5,594     0.00    32.00   458.00   116.00   121.63   451.85
2025-10-04 23:00        5,612     0.00    32.00   117.00   116.00   116.00   117.00
2025-10-05 00:00        5,580     0.00    32.00   433.00   111.00   187.25   422.96
2025-10-05 01:00        5,635     0.00    32.00   335.00   116.00   172.27   333.31
2025-10-05 02:00        5,634     0.00    32.00   342.00   109.00   315.47   340.31
2025-10-05 03:00        5,632     0.00    32.00   395.00   111.00   299.85   375.29
2025-10-05 04:00        5,675     0.00    31.00   401.00   110.00   357.26   400.43
2025-10-05 05:00        5,512     0.00    32.00   492.00   114.00   372.47   490.35
2025-10-05 06:00        5,489     0.00    32.00   395.00   115.00   348.12   392.81
2025-10-05 07:00        5,573     0.00    31.00   116.00   114.00   115.00   116.00
2025-10-05 08:00        6,113     0.00    30.00   376.00   116.00   321.33   376.00
2025-10-05 09:00        6,144     0.00    31.00   327.00   115.00   116.86   326.39
2025-10-05 10:00        6,115     0.00    31.00   390.00   113.00   313.35   385.11
2025-10-05 11:00        6,161     0.00    31.00   299.00   113.00   138.60   296.54
2025-10-05 12:00        6,218     0.00    31.00   317.00   113.00   297.66   316.38
2025-10-05 13:00        6,243     0.00    31.00   344.00   112.00   223.85   304.05
2025-10-05 14:00        6,017     0.00    32.00   359.00   113.00   255.00   355.99
2025-10-05 15:00        5,984     0.00    32.00   432.00   112.00   113.00   375.16
2025-10-05 16:00        6,017     0.00    31.00   410.00   111.00   113.00   260.20
2025-10-05 17:00        6,132     0.00    31.00   430.00   108.00   110.00   349.07
2025-10-05 18:00        6,064     0.00    31.00   368.00   112.00   113.00   364.97
2025-10-05 19:00        6,090     0.00    31.00   360.00   112.00   138.56   355.74
2025-10-05 20:00        5,761     0.00    31.00   321.00   110.00   254.96   320.42
2025-10-05 21:00        5,658     0.00    31.00   346.00   106.00   285.92   344.87
2025-10-05 22:00        5,658     0.00    31.00   400.00   110.00   111.34   400.00
2025-10-05 23:00        5,678     0.00    31.00   390.00   110.00   113.00   387.73
2025-10-06 00:00        5,596     0.00    32.00   271.00   116.00   117.00   231.28
2025-10-06 01:00        5,721     0.00    32.00   377.00   112.00   260.84   369.56
2025-10-06 02:00        5,636     0.00    32.00   350.00   111.00   195.66   345.49
2025-10-06 03:00        5,621     0.00    32.00   361.00   106.00   244.66   307.05
2025-10-06 04:00        5,608     0.00    32.00   238.00   115.93   117.00   198.19
2025-10-06 05:00        5,546     0.00    32.00   349.00   109.00   111.00   342.90
2025-10-06 06:00        5,471     0.00    31.00   177.00   111.00   113.53   176.45
2025-10-06 07:00        5,431     0.00    32.00   125.00   114.00   115.00   123.91
2025-10-06 08:00        6,056     0.00    30.00   323.00   109.00   299.83   323.00
2025-10-06 09:00        6,148     0.00    30.00   339.00   111.00   222.89   333.47
2025-10-06 10:00        6,146     0.00    29.00   343.00   110.00   111.00   328.87
2025-10-06 11:00        6,204     0.00    29.00   312.00   109.00   191.39   311.38
2025-10-06 12:00        6,197     0.00    29.00   192.00   111.00   180.02   192.00
2025-10-06 13:00        6,232     0.00    29.00   422.00   111.00   297.54   350.34
2025-10-06 14:00        5,896     0.00    30.00   301.00   111.05   152.41   280.37
2025-10-06 15:00        5,854     0.00    30.00   436.00   115.00   355.47   435.42
2025-10-06 16:00        5,972     0.00    30.00   332.00   114.00   116.00   318.27
2025-10-06 17:00        5,962     0.00    31.00   383.00   112.00   117.00   350.21
2025-10-06 18:00        6,000     0.00    32.00   326.00   115.00   115.00   217.42
2025-10-06 19:00        6,026     0.00    32.00  5116.00   106.00   115.00  2102.90
2025-10-06 20:00        5,708     0.00    32.00   221.00   106.00   108.00   203.31
2025-10-06 21:00        5,618     0.00    32.00   320.00   106.00   111.00   319.44
2025-10-06 22:00        5,577     0.00    32.00   149.00   105.00   112.00   138.96
2025-10-06 23:00        5,687     0.00    32.00   125.00   109.00   111.00   117.04
2025-10-07 00:00        5,743     0.00    32.00   273.00   113.00   114.00   216.73
2025-10-07 01:00        5,690     0.00    32.00   117.00   114.00   116.00   116.43
2025-10-07 02:00        5,629     0.00    32.00   250.00   112.00   115.00   210.04
2025-10-07 03:00        5,618     0.00    32.00   118.00   112.00   118.00   118.00
2025-10-07 04:00        5,513     0.00    32.00   319.00   111.00   113.00   318.45
2025-10-07 05:00        5,512     0.00    32.00   272.00   111.89   159.96   215.79
2025-10-07 06:00        5,459     0.00    32.00   199.00   113.00   124.00   158.06
2025-10-07 07:00        5,385     0.00    32.00   267.00   117.00   124.00   190.55
2025-10-07 08:00        6,002     0.00    32.00   433.00   124.00   125.00   424.60
2025-10-07 09:00        6,113     0.00    32.00   121.00   115.00   116.00   119.78
2025-10-07 10:00        6,134     0.00    32.00   133.00   111.00   124.00   127.48
2025-10-07 11:00        6,209     0.00    32.00   332.00   111.00   114.00   328.90
2025-10-07 12:00        6,302     0.00    32.00   267.00   114.00   116.00   237.38
2025-10-07 13:00        6,320     0.00    32.00   319.00   124.00   125.00   259.60
2025-10-07 14:00        5,920     0.00    32.00   287.00   111.00   113.00   232.54
2025-10-07 15:00        5,944     0.00    32.00   114.00   112.00   114.00   114.00
2025-10-07 16:00        5,916     0.00    32.00   322.00   113.00   120.78   291.83
2025-10-07 17:00        5,985     0.00    32.00   386.00   111.00   315.29   384.80
2025-10-07 18:00        6,012     0.00    32.00   318.00   110.00   111.00   288.55
2025-10-07 19:00        5,985     0.00    32.00   353.00   110.00   116.00   353.00
2025-10-07 20:00        5,692     0.00    32.00   372.00   110.00   114.31   368.02
2025-10-07 21:00        5,646     0.00    32.00   270.00   109.00   116.00   183.07
2025-10-07 22:00        5,925     0.00    32.00   144.00   111.00   115.00   138.08
2025-10-07 23:00        5,764     0.00    32.00   359.00   107.00   186.95   304.25
2025-10-08 00:00        5,740     0.00    32.00   257.00   109.00   192.66   255.28
2025-10-08 01:00        5,674     0.00    32.00   131.00   113.00   113.00   130.43
2025-10-08 02:00        5,682     0.00    32.00   379.00   116.00   253.53   368.21
2025-10-08 03:00        5,643     0.00    32.00   137.00   112.00   115.00   124.59
2025-10-08 04:00        5,544     0.00    32.00   414.00   112.00   128.71   353.03
2025-10-08 05:00        5,525     0.00    32.00   344.00   111.00   192.49   339.58
2025-10-08 06:00        5,516     0.00    32.00   345.00   111.00   170.49   327.35
2025-10-08 07:00        5,523     0.00    32.00   351.00   116.00   248.91   349.90
2025-10-08 08:00        6,066     0.00    31.00   377.00   111.00   116.00   340.00
2025-10-08 09:00        6,135     0.00    31.00   325.00   111.00   123.87   323.77
2025-10-08 10:00        6,137     0.00    31.00   433.00   112.00   181.60   428.70
2025-10-08 11:00        6,177     0.00    31.00   428.00   112.00   117.77   279.16
2025-10-08 12:00        6,215     0.00    31.00   343.00   111.00   283.79   341.76
2025-10-08 13:00        6,213     0.00    31.00   485.00   116.00   190.88   434.06
2025-10-08 14:00        5,863     0.00    31.00   334.00   111.00   133.00   332.24
2025-10-08 15:00        5,921     0.00    31.00   381.00   111.80   121.08   356.73
2025-10-08 16:00        5,956     0.00    31.00   322.00   114.00   141.54   316.64
2025-10-08 17:00        5,939     0.00    31.00   337.00   112.00   331.19   336.41
2025-10-08 18:00        5,964     0.00    31.00   433.00   113.00   140.26   431.21
2025-10-08 19:00        6,013     0.00    31.00   386.00   112.00   116.99   386.00
2025-10-08 20:00        5,709     0.00    31.00   349.00   113.00   267.56   346.72
2025-10-08 21:00        5,688     0.00    32.00   384.00   111.00   115.31   371.49
2025-10-08 22:00        5,704     0.00    31.00   366.00   112.00   328.89   364.86
2025-10-08 23:00        5,648     0.00    32.00   195.00   116.00   117.00   159.42
2025-10-09 00:00        5,748     0.00    31.00   422.00   115.00   116.25   399.01
2025-10-09 01:00        5,662     0.00    32.00   111.00   109.00   110.00   110.43
2025-10-09 02:00        5,612     0.00    32.00   137.00   111.00   113.39   124.09
2025-10-09 03:00        5,576     0.00    32.00   114.00   113.00   114.00   114.00
2025-10-09 04:00        5,599     0.00    32.00   167.00   111.00   112.00   164.76
2025-10-09 05:00        5,505     0.00    32.00   114.00   111.00   111.00   112.90
2025-10-09 06:00        5,478     0.00    32.00   394.00   113.00   118.00   392.90
2025-10-09 07:00        5,457     0.00    32.00   116.00   114.00   115.00   116.00
2025-10-09 08:00        6,019     0.00    31.00   151.00   113.00   113.00   144.98
2025-10-09 09:00        6,075     0.00    31.00   154.00   111.00   113.00   150.36
2025-10-09 10:00        6,122     0.00    31.00   312.00   113.00   229.88   296.08
2025-10-09 11:00        6,176     0.00    31.00   375.00   115.00   116.00   362.65
2025-10-09 12:00        6,240     0.00    31.00   149.00   113.00   114.00   132.78
2025-10-09 13:00        6,265     0.00    31.00   440.00   113.00   114.00   433.11
2025-10-09 14:00        5,865     0.00    31.00   287.00   112.00   123.00   286.41
2025-10-09 15:00        5,953     0.00    31.00   301.00   115.00   129.42   284.33
2025-10-09 16:00        6,038     0.00    31.00   126.00   114.00   116.00   119.96
2025-10-09 17:00        6,040     0.00    31.00   121.00   111.00   112.00   116.17
2025-10-09 18:00        5,994     0.00    31.00   399.00   113.00   115.01   399.00
2025-10-09 19:00        6,009     0.00    31.00   342.00   115.00   292.98   340.20
2025-10-09 20:00        5,611     0.00    32.00 29830.00   114.00 27086.07 29214.02
2025-10-09 21:00        5,650     0.00    31.00   117.00   116.00   117.00   117.00
2025-10-09 22:00        5,792     0.00    31.00   117.00   115.09   117.00   117.00
2025-10-09 23:00        5,692     0.00    31.00   114.00   109.00   112.31   113.43
2025-10-10 00:00        5,624     0.00    31.00   150.00   110.00   116.00   148.31
2025-10-10 01:00        5,662     0.00    31.00   134.00   111.00   112.00   126.64
2025-10-10 02:00        5,641     0.00    32.00   137.00   115.00   116.00   125.72
2025-10-10 03:00        5,639     0.00    31.00   116.00   115.00   116.00   116.00
2025-10-10 04:00        5,657     0.00    31.00   169.00   112.00   124.00   165.04
2025-10-10 05:00        5,537     0.00    31.00   116.00   112.00   114.00   115.45
2025-10-10 06:00        5,550     0.00    31.00   124.00   113.00   124.00   124.00
2025-10-10 07:00        5,499     0.00    31.00   111.00   111.00   111.00   111.00
2025-10-10 08:00        6,112     0.00    30.00   168.00   112.00   113.00   141.11
2025-10-10 09:00        6,161     0.00    30.00   125.00   114.00   124.00   124.38
2025-10-10 10:00        6,213     0.00    30.00   243.00   113.00   124.00   220.02
2025-10-10 11:00        6,239     0.00    29.00   209.00   113.00   115.00   150.36
2025-10-10 12:00        6,257     0.00    29.00   125.00   115.00   124.00   124.37
2025-10-10 13:00        6,213     0.00    29.00   125.00   123.00   124.00   125.00
2025-10-10 14:00        5,916     0.00    30.00   166.00   113.00   117.00   142.34
2025-10-10 15:00        5,947     0.00    30.00   116.00   114.00   114.05   116.00
2025-10-10 16:00        5,980     0.00    30.00   172.00   115.00   117.00   139.12
2025-10-10 17:00        6,057     0.00    30.00   117.00   115.00   116.00   116.39
2025-10-10 18:00        5,995     0.00    30.00   112.00   110.00   112.00   112.00
2025-10-10 19:00        6,081     0.00    30.00   116.00   110.00   115.00   115.39
2025-10-10 20:00        5,716     0.00    31.00   166.00   111.00   114.28   136.85
2025-10-10 21:00        5,706     0.00    31.00   116.00   111.95   115.00   116.00
2025-10-10 22:00        5,681     0.00    32.00   112.00   110.00   111.00   111.43
2025-10-10 23:00        5,603     0.00    32.00   117.00   111.00   114.00   115.88
2025-10-11 00:00        5,654     0.00    32.00   220.00   110.00   112.35   218.87
2025-10-11 01:00        5,674     0.00    32.00  1877.00   110.00   117.00   928.47
2025-10-11 02:00        5,683     0.00    32.00   113.00   111.00   112.00   112.43
2025-10-11 03:00        5,648     0.00    32.00   113.00   111.00   112.00   112.44
2025-10-11 04:00        5,592     0.00    32.00   178.00   110.00   111.00   141.10
2025-10-11 05:00        5,587     0.00    32.00   115.00   113.00   114.00   115.00
2025-10-11 06:00        5,525     0.00    32.00   192.00   112.76   114.00   176.53
2025-10-11 07:00        5,549     0.00    32.00   112.00   110.00   112.00   112.00
2025-10-11 08:00        6,104     0.00    31.00   126.00   112.00   116.00   121.73
2025-10-11 09:00        6,244     0.00    31.00   116.00   115.00   116.00   116.00
2025-10-11 10:00        6,158     0.00    31.00   117.00   115.00   115.00   116.38
2025-10-11 11:00        6,252     0.00    31.00   116.00   115.00   116.00   116.00
2025-10-11 12:00        6,258     0.00    31.00   119.00   115.00   115.00   117.12
2025-10-11 13:00        6,249     0.00    31.00   206.00   111.00   114.00   149.14
2025-10-11 14:00        5,947     0.00    31.00   144.00   115.00   116.00   127.35
2025-10-11 15:00        6,070     0.00    31.00   115.00   113.00   114.00   114.39
2025-10-11 16:00        5,990     0.00    31.00   114.00   111.00   113.00   113.40
2025-10-11 17:00        6,163     0.00    31.00   113.00   111.00   112.00   112.38
2025-10-11 18:00        6,053     0.00    30.00   116.00   111.00   113.00   114.18
2025-10-11 19:00        6,071     0.00    31.00   116.00   111.00   116.00   116.00
2025-10-11 20:00        5,747     0.00    32.00   126.00   109.00   110.00   118.53
2025-10-11 21:00        5,706     0.00    31.00   111.00   110.00   111.00   111.00
2025-10-11 22:00        5,746     0.00    32.00   187.00   112.00   113.00   146.78
2025-10-11 23:00        5,685     0.00    31.00   117.00   114.00   116.00   117.00
2025-10-12 00:00        5,731     0.00    31.00   161.00   114.00   115.00   154.12
2025-10-12 01:00        5,677     0.00    31.00   113.00   111.00   112.00   112.43
2025-10-12 02:00        5,758     0.00    30.00   181.00   115.00   115.00   143.58
2025-10-12 03:00        5,667     0.00    30.00   125.00   111.00   115.00   119.33
2025-10-12 04:00        5,636     0.00    30.00   224.00   112.00   113.00   161.45
2025-10-12 05:00        5,714     0.00    31.00   116.00   112.00   114.29   115.43
2025-10-12 06:00        5,621     0.00    31.00   216.00   112.00   114.00   176.10
2025-10-12 07:00        5,494     0.00    32.00   154.00   115.00   116.00   133.13
2025-10-12 08:00        6,094     0.00    30.00   217.00   110.00   111.00   178.00
2025-10-12 09:00        6,163     0.00    30.00   223.00   115.00   116.00   221.15
2025-10-12 10:00        6,148     0.00    30.00   116.00   115.00   116.00   116.00
2025-10-12 11:00        6,203     0.00    31.00   118.00   111.00   117.00   118.00
2025-10-12 12:00        6,193     0.00    30.00   143.00   111.00   112.00   124.42
2025-10-12 13:00        6,258     0.00    30.00   111.00   109.00   111.00   111.00
2025-10-12 14:00        5,974     0.00    31.00   112.00   110.00   111.00   112.00
2025-10-12 15:00        5,985     0.00    31.00   117.00   113.00   116.00   117.00
2025-10-12 16:00        6,057     0.00    30.00   139.00   112.00   114.00   125.07
2025-10-12 17:00        6,049     0.00    31.00   112.00   106.00   111.00   112.00
2025-10-12 18:00        6,032     0.00    30.00   117.00   112.00   115.00   117.00
2025-10-12 19:00        6,189     0.00    30.00   116.00   113.00   115.00   115.38
2025-10-12 20:00        5,723     0.00    30.00   169.00   112.00   114.00   160.99
2025-10-12 21:00        5,725     0.00    32.00   114.00   111.00   113.00   114.00
2025-10-12 22:00        5,693     0.00    31.00   165.00   115.00   116.00   163.86
2025-10-12 23:00        5,882     0.00    31.00   116.00   115.00   115.00   116.00
2025-10-13 00:00        5,916     0.00    31.00   206.00   115.00   123.25   179.97
2025-10-13 01:00        5,828     0.00    31.00   117.00   113.00   116.00   117.00
2025-10-13 02:00        5,786     0.00    31.00   274.00   116.00   134.65   261.85
2025-10-13 03:00        5,664     0.00    31.00   116.00   114.37   115.00   116.00
2025-10-13 04:00        5,767     0.00    31.00   127.00   113.00   118.00   122.39
2025-10-13 05:00        5,558     0.00    31.00   117.00   114.00   116.00   116.44
2025-10-13 06:00        5,517     0.00    31.00   217.00   112.00   118.00   184.46
2025-10-13 07:00        5,476     0.00    31.00   117.00   114.00   116.00   117.00
2025-10-13 08:00        6,069     0.00    29.00   250.00   114.00   117.93   190.53
2025-10-13 09:00        6,128     0.00    29.00   117.00   115.00   116.00   116.39
2025-10-13 10:00        6,176     0.00    30.00   116.00   114.00   115.00   116.00
2025-10-13 11:00        6,215     0.00    30.00   169.00   117.00   118.79   141.66
2025-10-13 12:00        6,204     0.00    30.00   127.00   113.00   116.00   120.18
2025-10-13 13:00        6,312     0.00    29.00   116.00   114.00   115.00   116.00
2025-10-13 14:00        5,969     0.00    31.00   116.00   113.00   116.00   116.00
2025-10-13 15:00        5,968     0.00    31.00   119.00   113.00   115.00   116.61
2025-10-13 16:00        5,991     0.00    30.00   340.00   112.00   116.00   287.29
2025-10-13 17:00        6,071     0.00    29.00   111.00   110.00   111.00   111.00
2025-10-13 18:00        6,109     0.00    31.00   218.00   113.00   116.00   188.68
2025-10-13 19:00        6,087     0.00    31.00   116.00   112.00   115.00   115.39
2025-10-13 20:00        5,749     0.00    31.00   336.00   111.00   114.00   290.02
2025-10-13 21:00        5,628     0.00    32.00   136.00   112.00   114.00   123.62
2025-10-13 22:00        5,623     0.00    32.00   282.00   114.00   120.89   243.21
2025-10-13 23:00        5,656     0.00    32.00   277.00   110.00   111.00   267.95
2025-10-14 00:00        5,694     0.00    32.00   361.00   115.00   117.00   301.22
2025-10-14 01:00        5,717     0.00    31.00   204.00   112.00   113.00   154.27
2025-10-14 02:00        5,771     0.00    31.00   338.00   113.00   117.23   287.80
2025-10-14 03:00        5,545     0.00    31.00   113.00   112.00   113.00   113.00
2025-10-14 04:00        5,590     0.00    31.00   276.00   110.00   112.00   262.03
2025-10-14 05:00        5,587     0.00    31.00   117.00   114.14   116.00   116.44
2025-10-14 06:00        5,494     0.00    31.00   270.00   116.00   117.51   266.70
2025-10-14 07:00        5,502     0.00    31.00   112.00   111.00   112.00   112.00
2025-10-14 08:00        6,123     0.00    29.00   262.00   111.00   114.88   252.21
2025-10-14 09:00        6,109     0.00    30.00   115.00   111.00   114.00   115.00
2025-10-14 10:00        6,161     0.00    30.00   256.00   115.00   133.24   256.00
2025-10-14 11:00        6,239     0.00    29.00   116.00   114.00   115.00   116.00
2025-10-14 12:00        6,226     0.00    29.00   219.00   115.00   115.78   218.38
2025-10-14 13:00        6,198     0.00    30.00   517.00   111.00   113.00   266.64
2025-10-14 14:00        5,947     0.00    31.00   235.00   106.00   111.00   202.30
2025-10-14 15:00        5,974     0.00    31.00   263.00   114.00   115.00   176.99
2025-10-14 16:00        6,027     0.00    29.00   261.00   113.00   115.00   209.18
2025-10-14 17:00        6,045     0.00    29.00   125.00   114.00   114.00   118.96
2025-10-14 18:00        5,997     0.00    29.00   266.00   110.00   111.00   251.61
2025-10-14 19:00        6,098     0.00    29.00   111.00   111.00   111.00   111.00
2025-10-14 20:00        5,654     0.00    30.00   252.00   111.00   113.00   244.65
2025-10-14 21:00        5,690     0.00    30.00   185.00   111.00   112.31   144.04
2025-10-14 22:00        5,677     0.00    30.00   258.00   110.24   112.00   258.00
2025-10-14 23:00        5,793     0.00    29.00   113.00   112.00   113.00   113.00
2025-10-15 00:00        5,625     0.00    30.00   286.00   112.00   114.00   278.69
2025-10-15 01:00        5,670     0.00    29.00   115.00   114.00   114.00   115.00
2025-10-15 02:00        5,619     0.00    30.00   282.00   114.00   115.38   282.00
2025-10-15 03:00        5,619     0.00    30.00   117.00   114.00   115.00   115.88
2025-10-15 04:00        2,768     0.00    30.00   292.00   111.00   197.79   275.40
2025-10-15 05:00        5,573     0.00    31.00   143.00   111.00   112.00   135.20
2025-10-15 06:00        5,453     0.00    30.00   266.00   110.00   112.00   255.10
2025-10-15 07:00        5,461     0.00    30.00   111.00   110.00   111.00   111.00
2025-10-15 08:00        6,117     0.00    29.00   161.00   114.00   114.88   142.65
2025-10-15 09:00        6,149     0.00    29.00   116.00   115.00   115.00   116.00
2025-10-15 10:00        6,172     0.00    29.00   257.00   113.00   115.00   243.42
2025-10-15 11:00        6,231     0.00    29.00   118.00   114.00   115.00   117.38
2025-10-15 12:00        6,256     0.00    29.00   290.00   110.00   112.00   263.10
2025-10-15 13:00        6,247     0.00    29.00   114.00   111.00   113.00   114.00
2025-10-15 14:00        5,980     0.00    31.00   266.00   112.00   114.00   251.05
2025-10-15 15:00        5,901     0.00    30.00   134.00   113.00   114.00   122.20
2025-10-15 16:00        5,894     0.00    29.00  1809.00   112.00   113.00   893.82
2025-10-15 17:00        5,903     0.00    31.00   113.00   111.00   112.00   112.41
2025-10-15 18:00        5,967     0.00    30.00   232.00   112.00   113.00   174.73
2025-10-15 19:00        5,975     0.00    31.00   114.00   112.00   113.00   113.40
2025-10-15 20:00        5,712     0.00    31.00   242.00   112.00   113.00   212.87
2025-10-15 21:00        5,720     0.00    31.00   113.00   110.00   113.00   113.00
2025-10-15 22:00        5,736     0.00    31.00   253.00   113.00   114.00   236.37
2025-10-15 23:00        5,728     0.00    31.00   185.00   112.00   159.09   178.70
2025-10-16 00:00        5,648     0.00    31.00   276.00   112.00   114.00   265.27
2025-10-16 01:00        5,678     0.00    29.00   114.00   112.00   113.00   114.00
2025-10-16 02:00        5,630     0.00    31.00   242.00   113.00   115.00   222.30
2025-10-16 03:00        5,540     0.00    31.00   115.00   114.00   114.00   114.45
2025-10-16 04:00        5,597     0.00    31.00   270.00   112.00   113.00   258.25
2025-10-16 05:00        5,534     0.00    32.00   113.00   111.00   112.00   112.45
2025-10-16 06:00        5,476     0.00    32.00   263.00   112.00   115.00   258.07
2025-10-16 07:00        5,438     0.00    32.00   126.00   112.00   113.00   121.11
2025-10-16 08:00        6,080     0.00    31.00   263.00   111.00   114.00   259.96
2025-10-16 09:00        6,132     0.00    30.00   114.00   111.00   113.00   114.00
2025-10-16 10:00        6,133     0.00    29.00   289.00   112.68   114.00   277.35
2025-10-16 11:00        6,246     0.00    31.00   113.00   112.00   113.00   113.00
2025-10-16 12:00        6,224     0.00    29.00   167.00   113.00   115.00   135.26
2025-10-16 13:00        6,259     0.00    28.00   114.00   112.00   113.74   114.00
2025-10-16 14:00        5,900     0.00    31.00   238.00   114.00   119.00   216.76
2025-10-16 15:00        5,902     0.00    32.00   114.00   111.00   113.00   114.00
2025-10-16 16:00        5,921     0.00    32.00  1160.00   112.00   136.28   885.31
2025-10-16 17:00        5,961     0.00    29.00   115.00   113.00   114.00   114.40
2025-10-16 18:00        6,024     0.00    30.00   271.00   112.00   114.00   261.36
2025-10-16 19:00        6,021     0.00    32.00   115.00   113.00   114.00   115.00
2025-10-16 20:00        5,688     0.00    32.00   259.00   114.00   116.00   253.88
2025-10-16 21:00        5,720     0.00    32.00   115.00   112.00   114.00   114.43
2025-10-16 22:00        5,715     0.00    32.00   267.00   113.00   114.00   242.43
2025-10-16 23:00        5,707     0.00    32.00   117.00   110.00   114.29   116.43
2025-10-17 00:00        5,864     0.00    32.00   281.00   112.00   119.96   258.13
2025-10-17 01:00        5,661     0.00    32.00   118.00   111.00   117.00   118.00
2025-10-17 02:00        5,722     0.00    32.00   282.00   111.00   113.00   262.55
2025-10-17 03:00        5,652     0.00    32.00   228.00   113.00   152.70   192.96
2025-10-17 04:00        5,540     0.00    32.00   277.00   111.00   113.00   260.38
2025-10-17 05:00        5,570     0.00    31.00   112.00   111.00   112.00   112.00
2025-10-17 06:00        5,516     0.00    32.00   286.00   112.00   116.00   279.38
2025-10-17 07:00        5,449     0.00    31.00   130.00   114.00   118.00   123.46
2025-10-17 08:00        6,173     0.00    30.00   257.00   113.00   117.00   254.53
2025-10-17 09:00        6,189     0.00    30.00   117.00   110.00   113.00   117.00
2025-10-17 10:00        6,191     0.00    30.00   273.00   113.00   116.43   265.57
2025-10-17 11:00        6,182     0.00    30.00   117.00   114.00   116.00   117.00
2025-10-17 12:00        6,170     0.00    30.00   271.00   111.00   112.00   267.92
2025-10-17 13:00        6,196     0.00    30.00   116.00   111.00   116.00   116.00
2025-10-17 14:00        5,878     0.00    30.00   242.00   114.00   116.00   216.73
2025-10-17 15:00        5,966     0.00    31.00   116.00   110.00   111.00   113.02
2025-10-17 16:00        5,945     0.00    31.00   260.00   110.00   117.00   257.62
2025-10-17 17:00        5,941     0.00    31.00   117.00   113.00   114.00   116.41
2025-10-17 18:00        5,982     0.00    31.00   247.00   110.00   167.02   242.81
2025-10-17 19:00        5,931     0.00    31.00   117.00   114.00   116.00   116.41
2025-10-17 20:00        5,692     0.00    32.00   251.00   111.00   112.00   231.65
2025-10-17 21:00        5,606     0.00    31.00   117.00   113.00   117.00   117.00
2025-10-17 22:00        5,665     0.00    31.00   266.00   114.00   114.34   257.50
2025-10-17 23:00        5,728     0.00    32.00   114.00   110.00   114.00   114.00
2025-10-18 00:00        5,603     0.00    31.00   259.00   110.00   145.99   242.19
2025-10-18 01:00        5,636     0.00    32.00   117.00   114.00   116.00   117.00
2025-10-18 02:00        5,606     0.00    32.00   227.00   114.95   117.00   226.44
2025-10-18 03:00        5,618     0.00    31.00   115.00   110.00   115.00   115.00
2025-10-18 04:00        5,528     0.00    32.00   248.00   116.00   117.00   240.81
2025-10-18 05:00        5,562     0.00    32.00   117.00   115.00   116.00   117.00
2025-10-18 06:00        5,445     0.00    32.00   173.00   111.00   114.00   169.19
2025-10-18 07:00        5,455     0.00    32.00   117.00   115.00   116.00   117.00
2025-10-18 08:00        6,101     0.00    31.00   254.00   110.00   116.00   241.19
2025-10-18 09:00        6,185     0.00    31.00   115.00   113.00   115.00   115.00
2025-10-18 10:00        6,101     0.00    31.00   242.00   112.00   115.00   228.58
2025-10-18 11:00        6,203     0.00    31.00   112.00   112.00   112.00   112.00
2025-10-18 12:00        6,190     0.00    31.00   248.00   111.00   112.00   246.14
2025-10-18 13:00        6,195     0.00    31.00   125.00   114.00   115.00   118.81
2025-10-18 14:00        5,878     0.00    32.00   251.00   106.00   114.00   244.53
2025-10-18 15:00        5,969     0.00    31.00   114.00   111.00   112.00   112.81
2025-10-18 16:00        5,919     0.00    32.00   251.00   113.00   114.00   248.04
2025-10-18 17:00        5,959     0.00    31.00   116.00   109.00   116.00   116.00
2025-10-18 18:00        5,915     0.00    32.00   228.00   110.00   114.00   207.30
2025-10-18 19:00        5,961     0.00    32.00   124.00   113.00   115.00   119.23
2025-10-18 20:00        5,745     0.00    32.00   253.00   112.00   114.00   225.43
2025-10-18 21:00        5,615     0.00    32.00   117.00   115.00   116.00   116.44
2025-10-18 22:00        5,704     0.00    32.00   261.00   111.00   113.00   259.86
2025-10-18 23:00        5,680     0.00    32.00   114.00   108.00   113.32   114.00
2025-10-19 00:00        5,683     0.00    32.00   266.00   114.00   116.00   237.02
2025-10-19 01:00        5,645     0.00    32.00   115.00   114.00   114.00   114.44
2025-10-19 02:00        5,664     0.00    32.00   261.00   113.00   114.00   256.47
2025-10-19 03:00        5,626     0.00    32.00   118.00   112.00   117.00   117.44
2025-10-19 04:00        5,605     0.00    32.00   240.00   115.00   117.00   238.88
2025-10-19 05:00        5,590     0.00    32.00   116.00   106.00   116.00   116.00
2025-10-19 06:00        5,566     0.00    32.00   265.00   110.00   112.00   258.88
2025-10-19 07:00        5,541     0.00    32.00   113.00   111.00   113.00   113.00
2025-10-19 08:00        6,078     0.00    31.00   267.00   112.00   117.92   259.10
2025-10-19 09:00        6,157     0.00    31.00   208.00   115.00   116.00   152.60
2025-10-19 10:00        6,202     0.00    31.00   272.00   114.00   128.58   263.32
2025-10-19 11:00        6,230     0.00    31.00   112.00   111.00   112.00   112.00
2025-10-19 12:00        6,201     0.00    31.00   246.00   110.00   114.20   233.60
2025-10-19 13:00        6,257     0.00    31.00   117.00   110.00   116.00   116.37
2025-10-19 14:00        5,904     0.00    32.00   277.00   116.00   116.00   245.12
2025-10-19 15:00        5,950     0.00    31.00   115.00   114.00   115.00   115.00
2025-10-19 16:00        5,987     0.00    32.00   257.00   112.00   114.19   249.22
2025-10-19 17:00        6,093     0.00    31.00   112.00   109.00   111.00   112.00
2025-10-19 18:00        6,031     0.00    32.00   238.00   110.00   111.00   223.53
2025-10-19 19:00        6,003     0.00    31.00   114.00   106.00   112.00   113.40
2025-10-19 20:00        5,654     0.00    32.00   241.00   110.00   115.00   222.34
2025-10-19 21:00        5,686     0.00    32.00   114.00   106.00   114.00   114.00
2025-10-19 22:00        5,663     0.00    32.00   197.00   114.00   115.00   194.17
2025-10-19 23:00        5,650     0.00    32.00   118.00   113.00   117.00   118.00
2025-10-20 00:00        5,673     0.00    32.00   269.00   115.00   116.00   257.66
2025-10-20 01:00        5,706     0.00    32.00   117.00   115.00   116.00   116.43
2025-10-20 02:00        5,599     0.00    32.00   236.00   110.00   112.80   227.04
2025-10-20 03:00        5,651     0.00    32.00   112.00   111.00   112.00   112.00
2025-10-20 04:00        5,657     0.00    32.00   248.00   111.00   161.06   234.43
2025-10-20 05:00        5,587     0.00    32.00   116.00   115.00   115.00   115.44
2025-10-20 06:00        5,517     0.00    32.00   201.00   115.00   115.48   177.28
2025-10-20 07:00        5,265     0.00    32.00   114.00   113.00   113.00   113.47
2025-10-20 08:00        5,525     0.00    32.00   123.00   110.00   111.00   116.92
2025-10-20 09:00        5,852     0.00    32.00   114.00   109.00   114.00   114.00
2025-10-20 10:00        6,087     0.00    32.00   246.00   115.00   116.91   204.62
2025-10-20 11:00        6,122     0.00    32.00   117.00   115.00   116.00   116.39
2025-10-20 12:00        6,101     0.00    32.00   235.00   113.00   114.00   221.58
2025-10-20 13:00        6,119     0.00    31.00   202.00   106.00   112.00   146.94
2025-10-20 14:00        5,779     0.00    32.00   219.00   111.00   112.00   167.58
2025-10-20 15:00        5,790     0.00    32.00   128.00   111.00   114.00   120.47
2025-10-20 16:00        5,761     0.00    32.00   248.00   114.00   115.00   218.62
2025-10-20 17:00        5,813     0.00    32.00   116.00   115.00   116.00   116.00
2025-10-20 18:00        5,778     0.00    32.00   116.00   106.00   115.22   116.00
2025-10-20 19:00        5,769     0.00    32.00   116.00   110.00   115.00   116.00
2025-10-20 20:00        5,964     0.00    32.00   244.00   111.00   115.00   239.83
2025-10-20 21:00        5,515     0.00    32.00   111.00   110.00   110.00   111.00
2025-10-20 22:00        5,589     0.00    32.00   263.00   110.00   112.00   251.26
2025-10-20 23:00        5,640     0.00    32.00   113.00   111.00   113.00   113.00
2025-10-21 00:00        5,545     0.00    32.00   250.00   112.00   115.46   235.03
2025-10-21 01:00        5,583     0.00    32.00  5083.00   112.00   113.42  4221.14
2025-10-21 02:00        5,562     0.00    32.00   258.00   109.00   113.00   253.00
2025-10-21 03:00        5,609     0.00    32.00   115.00   111.00   115.00   115.00
2025-10-21 04:00        5,571     0.00    32.00   273.00   111.00   112.00   252.39
2025-10-21 05:00        5,583     0.00    32.00   113.00   110.00   113.00   113.00
2025-10-21 06:00        5,514     0.00    32.00   263.00   109.00   112.00   260.80
2025-10-21 07:00        5,549     0.00    32.00   165.00   114.00   115.00   160.01
2025-10-21 08:00        6,086     0.00    31.00   281.00   115.00   115.00   267.00
2025-10-21 09:00        6,294     0.00    30.00   117.00   116.00   116.00   117.00
2025-10-21 10:00        6,178     0.00    31.00   258.00   112.69   116.00   256.15
2025-10-21 11:00        6,245     0.00    30.00   115.00   114.00   114.00   115.00
2025-10-21 12:00        6,236     0.00    30.00   255.00   114.00   115.00   236.29
2025-10-21 13:00        6,245     0.00    30.00  7047.00   112.56   116.00  5652.72
2025-10-21 14:00        5,906     0.00    31.00   252.00   114.00   115.09   211.85
2025-10-21 15:00        5,936     0.00    31.00   116.00   115.00   115.00   116.00
2025-10-21 16:00        5,947     0.00    31.00   230.00   108.00   109.00   225.24
2025-10-21 17:00        5,975     0.00    31.00   109.00   108.00   108.00   109.00
2025-10-21 18:00        6,032     0.00    30.00   232.00   108.00   108.97   216.32
2025-10-21 19:00        5,956     0.00    31.00   120.00   108.00   108.05   114.05
2025-10-21 20:00        5,671     0.00    32.00 27753.00   108.00 24561.35 27307.34
2025-10-21 21:00        5,660     0.00    32.00   110.00   107.00   109.00   109.43
2025-10-21 22:00        5,676     0.00    32.00   284.00   109.00   109.33   265.84
2025-10-21 23:00        5,652     0.00    32.00   108.00   107.00   108.00   108.00
2025-10-22 00:00        5,643     0.00    32.00   254.00   107.00   108.00   249.49
2025-10-22 01:00        5,579     0.00    32.00   109.00   108.00   109.00   109.00
2025-10-22 02:00        5,594     0.00    32.00   235.00   108.00   109.00   217.66
2025-10-22 03:00        5,656     0.00    32.00   108.00   107.00   108.00   108.00
2025-10-22 04:00        5,614     0.00    32.00   273.00   109.00   110.00   256.72
2025-10-22 05:00        5,561     0.00    32.00   110.00   108.00   109.00   109.44
2025-10-22 06:00        5,480     0.00    32.00   260.00   109.00   109.52   252.88
2025-10-22 07:00        5,445     0.00    32.00   109.00   108.00   109.00   109.00
2025-10-22 08:00        6,074     0.00    31.00   239.00   108.00   109.00   238.39
2025-10-22 09:00        6,123     0.00    30.00   186.00   109.00   109.00   142.53
2025-10-22 10:00        6,159     0.00    31.00   263.00   109.00   133.84   257.46
2025-10-22 11:00        6,199     0.00    30.00   109.00   108.00   109.00   109.00
2025-10-22 12:00        6,209     0.00    31.00   258.00   108.00   109.00   253.65
2025-10-22 13:00        6,176     0.00    30.00   112.00   109.00   109.00   110.77
2025-10-22 14:00        5,976     0.00    31.00   249.00   109.00   110.00   246.61
2025-10-22 15:00        5,995     0.00    31.00   553.00   116.00   118.00   319.83
2025-10-22 16:00        5,942     0.00    32.00 24724.00   116.00 20261.55 24362.19
2025-10-22 17:00        5,918     0.00    32.00  3657.00   115.00   116.00  1565.93
2025-10-22 18:00        5,960     0.00    32.00   201.00   117.00   118.00   170.61
2025-10-22 19:00        5,985     0.00    31.00   117.00   116.00   117.00   117.00
2025-10-22 20:00        5,730     0.00    32.00   690.00   117.00   118.81   449.95
2025-10-22 21:00        5,789     0.00    31.00   116.00   115.00   116.00   116.00
2025-10-22 22:00        5,683     0.00    31.00   280.00   116.00   133.63   254.43
2025-10-22 23:00        5,725     0.00    31.00   118.00   116.00   117.00   118.00
2025-10-23 00:00        5,769     0.00    32.00   142.00   119.00   121.00   130.46
2025-10-23 01:00        5,643     0.00    31.00   117.00   116.00   117.00   117.00
2025-10-23 02:00        5,651     0.00    32.00   253.00   118.00   146.95   250.74
2025-10-23 03:00        5,627     0.00    32.00   120.00   114.00   115.37   120.00
2025-10-23 04:00        5,585     0.00    32.00   261.00   121.00   161.89   258.77
2025-10-23 05:00        5,586     0.00    32.00   123.00   121.00   121.00   123.00
2025-10-23 06:00        5,469     0.00    32.00   264.00   121.00   149.26   261.81
2025-10-23 07:00        5,442     0.00    31.00   117.00   116.00   117.00   117.00
2025-10-23 08:00        6,058     0.00    31.00   293.00   120.00   121.00   293.00
2025-10-23 09:00        6,177     0.00    30.00   120.00   108.00   119.00   119.38
2025-10-23 10:00        6,168     0.00    29.00   236.00   107.00   108.00   235.38
2025-10-23 11:00        6,217     0.00    29.00   107.00   106.00   107.00   107.00
2025-10-23 12:00        6,266     0.00    29.00   258.00   108.00   116.00   256.12
2025-10-23 13:00        6,290     0.00    29.00  1142.00   109.00   110.00   494.86
2025-10-23 14:00        5,939     0.00    31.00   279.00   110.00   112.19   277.81
2025-10-23 15:00        5,953     0.00    31.00   144.00   110.00   110.00   138.64
2025-10-23 16:00        5,993     0.00    30.00   258.00   109.00   111.07   252.61
2025-10-23 17:00        6,021     0.00    31.00   110.00   109.00   109.00   110.00
2025-10-23 18:00        5,992     0.00    31.00   293.00   108.00   219.01   291.80
2025-10-23 19:00        6,034     0.00    31.00   114.00   106.00   106.00   109.78
2025-10-23 20:00        5,707     0.00    32.00   263.00   106.00   106.00   259.01
2025-10-23 21:00        5,710     0.00    31.00   110.00   108.00   109.00   109.43
2025-10-23 22:00        2,822     0.00    32.00   258.00   109.00   239.43   255.46
2025-10-23 23:00        5,769     0.00    31.00   108.00   106.00   107.00   108.00
2025-10-24 00:00        5,750     0.00    32.00   226.00   106.00   176.52   220.83
2025-10-24 01:00        5,687     0.00    31.00   108.00   107.00   107.00   107.43
2025-10-24 02:00        5,691     0.00    31.00   271.00   106.00   106.00   248.24
2025-10-24 03:00        5,641     0.00    31.00   106.00   106.00   106.00   106.00
2025-10-24 04:00        5,633     0.00    32.00   256.00   106.00   106.00   250.93
2025-10-24 05:00        5,579     0.00    32.00   116.00   107.00   109.00   112.65
2025-10-24 06:00        5,482     0.00    32.00   250.00   106.00   112.08   245.07
2025-10-24 07:00        5,457     0.00    32.00   108.00   107.00   108.00   108.00
2025-10-24 08:00        6,094     0.00    30.00   251.00   108.00   108.00   185.81
2025-10-24 09:00        6,155     0.00    31.00   108.00   107.00   108.00   108.00
2025-10-24 10:00        6,181     0.00    31.00   109.00   107.00   108.00   109.00
2025-10-24 11:00        6,211     0.00    30.00   109.00   108.00   108.00   109.00
2025-10-24 12:00        6,229     0.00    30.00   665.00   108.00   109.00   394.08
2025-10-24 13:00        6,275     0.00    30.00   109.00   108.00   109.00   109.00
2025-10-24 14:00        5,906     0.00    31.00   271.00   108.00   109.09   242.66
2025-10-24 15:00        5,973     0.00    31.00   110.00   107.00   108.00   108.81
2025-10-24 16:00        5,957     0.00    31.00   665.00   107.00   107.04   435.69
2025-10-24 17:00        5,958     0.00    31.00   142.00   107.00   109.00   140.81
2025-10-24 18:00        6,075     0.00    31.00   253.00   109.00   122.48   246.32
2025-10-24 19:00        6,011     0.00    31.00   178.00   108.00   109.00   137.13
2025-10-24 20:00        5,690     0.00    32.00   123.00   108.00   109.00   118.45
2025-10-24 21:00        5,664     0.00    32.00   110.00   107.00   108.00   109.43
2025-10-24 22:00        5,705     0.00    32.00   138.00   107.00   108.00   128.30
2025-10-24 23:00          466     0.00    32.00   108.00   107.00   107.53   107.95
================================================================================

✅ Detailed JSON report saved to: /root/repo/dev/omni/workspace/bixby.master.latency/oneway_latency_report.json
✅ Text report saved to: /root/repo/dev/omni/workspace/bixby.master.latency/oneway_latency_report.txt
